{"numFailedTestSuites":10,"numFailedTests":0,"numPassedTestSuites":0,"numPassedTests":0,"numPendingTestSuites":0,"numPendingTests":0,"numRuntimeErrorTestSuites":10,"numTodoTests":0,"numTotalTestSuites":10,"numTotalTests":0,"openHandles":[],"snapshot":{"added":0,"didUpdate":false,"failure":false,"filesAdded":0,"filesRemoved":0,"filesRemovedList":[],"filesUnmatched":0,"filesUpdated":0,"matched":0,"total":0,"unchecked":0,"uncheckedKeysByFile":[],"unmatched":0,"updated":0},"startTime":1684862617049,"success":false,"testResults":[{"assertionResults":[],"coverage":{},"endTime":1684862619000,"message":"  \u001b[1m● \u001b[22mTest suite failed to run\n\n    SyntaxError: /Users/lynndalee/lynnda-lee-pat/src/components/Input/Input.test.tsx: Support for the experimental syntax 'jsx' isn't currently enabled (8:32):\n\n    \u001b[0m \u001b[90m  6 |\u001b[39m describe(\u001b[32m'Input'\u001b[39m\u001b[33m,\u001b[39m ()\u001b[33m=>\u001b[39m{\u001b[0m\n    \u001b[0m \u001b[90m  7 |\u001b[39m     it(\u001b[32m'should render default Input'\u001b[39m\u001b[33m,\u001b[39m \u001b[36mfunction\u001b[39m () {\u001b[0m\n    \u001b[0m\u001b[31m\u001b[1m>\u001b[22m\u001b[39m\u001b[90m  8 |\u001b[39m         \u001b[36mconst\u001b[39m wrapper \u001b[33m=\u001b[39m render(\u001b[33m<\u001b[39m\u001b[33mInput\u001b[39m placeholder\u001b[33m=\u001b[39m{\u001b[32m'Search...'\u001b[39m}\u001b[33m>\u001b[39m\u001b[33m<\u001b[39m\u001b[33m/\u001b[39m\u001b[33mInput\u001b[39m\u001b[33m>\u001b[39m)\u001b[33m;\u001b[39m\u001b[0m\n    \u001b[0m \u001b[90m    |\u001b[39m                                \u001b[31m\u001b[1m^\u001b[22m\u001b[39m\u001b[0m\n    \u001b[0m \u001b[90m  9 |\u001b[39m         \u001b[36mconst\u001b[39m input_bar \u001b[33m=\u001b[39m wrapper\u001b[33m.\u001b[39mgetByPlaceholderText(\u001b[32m'Search...'\u001b[39m) \u001b[36mas\u001b[39m \u001b[33mHTMLInputElement\u001b[39m\u001b[33m;\u001b[39m\u001b[0m\n    \u001b[0m \u001b[90m 10 |\u001b[39m         \u001b[36mconst\u001b[39m element \u001b[33m=\u001b[39m wrapper\u001b[33m.\u001b[39mcontainer\u001b[33m.\u001b[39mfirstElementChild \u001b[36mas\u001b[39m \u001b[33mHTMLElement\u001b[39m\u001b[33m;\u001b[39m\u001b[0m\n    \u001b[0m \u001b[90m 11 |\u001b[39m         expect(input_bar)\u001b[33m.\u001b[39mtoBeInTheDocument()\u001b[33m;\u001b[39m\u001b[0m\n\n    Add @babel/preset-react (https://github.com/babel/babel/tree/main/packages/babel-preset-react) to the 'presets' section of your Babel config to enable transformation.\n    If you want to leave it as-is, add @babel/plugin-syntax-jsx (https://github.com/babel/babel/tree/main/packages/babel-plugin-syntax-jsx) to the 'plugins' section to enable parsing.\n\n      \u001b[2mat instantiate (\u001b[22mnode_modules/@babel/parser/src/parse-error/credentials.ts\u001b[2m:62:21)\u001b[22m\n      \u001b[2mat toParseError (\u001b[22mnode_modules/@babel/parser/src/parse-error.ts\u001b[2m:60:12)\u001b[22m\n      \u001b[2mat Parser.raise (\u001b[22mnode_modules/@babel/parser/src/tokenizer/index.ts\u001b[2m:1490:19)\u001b[22m\n      \u001b[2mat Parser.expectOnePlugin (\u001b[22mnode_modules/@babel/parser/src/tokenizer/index.ts\u001b[2m:1550:18)\u001b[22m\n      \u001b[2mat Parser.parseExprAtom (\u001b[22mnode_modules/@babel/parser/src/parser/expression.ts\u001b[2m:1279:16)\u001b[22m\n      \u001b[2mat Parser.parseExprSubscripts (\u001b[22mnode_modules/@babel/parser/src/parser/expression.ts\u001b[2m:718:23)\u001b[22m\n      \u001b[2mat Parser.parseUpdate (\u001b[22mnode_modules/@babel/parser/src/parser/expression.ts\u001b[2m:695:21)\u001b[22m\n      \u001b[2mat Parser.parseMaybeUnary (\u001b[22mnode_modules/@babel/parser/src/parser/expression.ts\u001b[2m:657:23)\u001b[22m\n      \u001b[2mat Parser.parseMaybeUnaryOrPrivate (\u001b[22mnode_modules/@babel/parser/src/parser/expression.ts\u001b[2m:395:14)\u001b[22m\n      \u001b[2mat Parser.parseExprOps (\u001b[22mnode_modules/@babel/parser/src/parser/expression.ts\u001b[2m:407:23)\u001b[22m\n      \u001b[2mat Parser.parseMaybeConditional (\u001b[22mnode_modules/@babel/parser/src/parser/expression.ts\u001b[2m:362:23)\u001b[22m\n      \u001b[2mat Parser.parseMaybeAssign (\u001b[22mnode_modules/@babel/parser/src/parser/expression.ts\u001b[2m:302:21)\u001b[22m\n      \u001b[2mat callback (\u001b[22mnode_modules/@babel/parser/src/parser/expression.ts\u001b[2m:256:12)\u001b[22m\n      \u001b[2mat Parser.allowInAnd (\u001b[22mnode_modules/@babel/parser/src/parser/expression.ts\u001b[2m:3077:12)\u001b[22m\n      \u001b[2mat Parser.parseMaybeAssignAllowIn (\u001b[22mnode_modules/@babel/parser/src/parser/expression.ts\u001b[2m:255:17)\u001b[22m\n      \u001b[2mat Parser.parseExprListItem (\u001b[22mnode_modules/@babel/parser/src/parser/expression.ts\u001b[2m:2714:18)\u001b[22m\n      \u001b[2mat Parser.parseCallExpressionArguments (\u001b[22mnode_modules/@babel/parser/src/parser/expression.ts\u001b[2m:1044:14)\u001b[22m\n      \u001b[2mat Parser.parseCoverCallAndAsyncArrowHead (\u001b[22mnode_modules/@babel/parser/src/parser/expression.ts\u001b[2m:894:29)\u001b[22m\n      \u001b[2mat Parser.parseSubscript (\u001b[22mnode_modules/@babel/parser/src/parser/expression.ts\u001b[2m:783:19)\u001b[22m\n      \u001b[2mat Parser.parseSubscripts (\u001b[22mnode_modules/@babel/parser/src/parser/expression.ts\u001b[2m:739:19)\u001b[22m\n      \u001b[2mat Parser.parseExprSubscripts (\u001b[22mnode_modules/@babel/parser/src/parser/expression.ts\u001b[2m:724:17)\u001b[22m\n      \u001b[2mat Parser.parseUpdate (\u001b[22mnode_modules/@babel/parser/src/parser/expression.ts\u001b[2m:695:21)\u001b[22m\n      \u001b[2mat Parser.parseMaybeUnary (\u001b[22mnode_modules/@babel/parser/src/parser/expression.ts\u001b[2m:657:23)\u001b[22m\n      \u001b[2mat Parser.parseMaybeUnaryOrPrivate (\u001b[22mnode_modules/@babel/parser/src/parser/expression.ts\u001b[2m:395:14)\u001b[22m\n      \u001b[2mat Parser.parseExprOps (\u001b[22mnode_modules/@babel/parser/src/parser/expression.ts\u001b[2m:407:23)\u001b[22m\n      \u001b[2mat Parser.parseMaybeConditional (\u001b[22mnode_modules/@babel/parser/src/parser/expression.ts\u001b[2m:362:23)\u001b[22m\n      \u001b[2mat Parser.parseMaybeAssign (\u001b[22mnode_modules/@babel/parser/src/parser/expression.ts\u001b[2m:302:21)\u001b[22m\n      \u001b[2mat callback (\u001b[22mnode_modules/@babel/parser/src/parser/expression.ts\u001b[2m:256:12)\u001b[22m\n      \u001b[2mat Parser.allowInAnd (\u001b[22mnode_modules/@babel/parser/src/parser/expression.ts\u001b[2m:3072:16)\u001b[22m\n      \u001b[2mat Parser.parseMaybeAssignAllowIn (\u001b[22mnode_modules/@babel/parser/src/parser/expression.ts\u001b[2m:255:17)\u001b[22m\n      \u001b[2mat Parser.parseVar (\u001b[22mnode_modules/@babel/parser/src/parser/statement.ts\u001b[2m:1507:16)\u001b[22m\n      \u001b[2mat Parser.parseVarStatement (\u001b[22mnode_modules/@babel/parser/src/parser/statement.ts\u001b[2m:1166:10)\u001b[22m\n      \u001b[2mat Parser.parseStatementContent (\u001b[22mnode_modules/@babel/parser/src/parser/statement.ts\u001b[2m:537:21)\u001b[22m\n      \u001b[2mat Parser.parseStatementLike (\u001b[22mnode_modules/@babel/parser/src/parser/statement.ts\u001b[2m:417:17)\u001b[22m\n      \u001b[2mat Parser.parseStatementListItem (\u001b[22mnode_modules/@babel/parser/src/parser/statement.ts\u001b[2m:366:17)\u001b[22m\n      \u001b[2mat Parser.parseBlockOrModuleBlockBody (\u001b[22mnode_modules/@babel/parser/src/parser/statement.ts\u001b[2m:1360:16)\u001b[22m\n      \u001b[2mat Parser.parseBlockBody (\u001b[22mnode_modules/@babel/parser/src/parser/statement.ts\u001b[2m:1333:10)\u001b[22m\n      \u001b[2mat Parser.parseBlock (\u001b[22mnode_modules/@babel/parser/src/parser/statement.ts\u001b[2m:1301:10)\u001b[22m\n      \u001b[2mat Parser.parseFunctionBody (\u001b[22mnode_modules/@babel/parser/src/parser/expression.ts\u001b[2m:2552:24)\u001b[22m\n      \u001b[2mat Parser.parseFunctionBodyAndFinish (\u001b[22mnode_modules/@babel/parser/src/parser/expression.ts\u001b[2m:2523:10)\u001b[22m\n      \u001b[2mat callback (\u001b[22mnode_modules/@babel/parser/src/parser/statement.ts\u001b[2m:1600:12)\u001b[22m\n      \u001b[2mat Parser.withSmartMixTopicForbiddingContext (\u001b[22mnode_modules/@babel/parser/src/parser/expression.ts\u001b[2m:3051:14)\u001b[22m\n      \u001b[2mat Parser.parseFunction (\u001b[22mnode_modules/@babel/parser/src/parser/statement.ts\u001b[2m:1598:10)\u001b[22m\n      \u001b[2mat Parser.parseFunctionOrFunctionSent (\u001b[22mnode_modules/@babel/parser/src/parser/expression.ts\u001b[2m:1622:17)\u001b[22m\n      \u001b[2mat Parser.parseExprAtom (\u001b[22mnode_modules/@babel/parser/src/parser/expression.ts\u001b[2m:1199:21)\u001b[22m\n      \u001b[2mat Parser.parseExprSubscripts (\u001b[22mnode_modules/@babel/parser/src/parser/expression.ts\u001b[2m:718:23)\u001b[22m\n      \u001b[2mat Parser.parseUpdate (\u001b[22mnode_modules/@babel/parser/src/parser/expression.ts\u001b[2m:695:21)\u001b[22m\n      \u001b[2mat Parser.parseMaybeUnary (\u001b[22mnode_modules/@babel/parser/src/parser/expression.ts\u001b[2m:657:23)\u001b[22m\n      \u001b[2mat Parser.parseMaybeUnaryOrPrivate (\u001b[22mnode_modules/@babel/parser/src/parser/expression.ts\u001b[2m:395:14)\u001b[22m\n      \u001b[2mat Parser.parseExprOps (\u001b[22mnode_modules/@babel/parser/src/parser/expression.ts\u001b[2m:407:23)\u001b[22m\n","name":"/Users/lynndalee/lynnda-lee-pat/src/components/Input/Input.test.tsx","startTime":1684862619000,"status":"failed","summary":""},{"assertionResults":[],"coverage":{},"endTime":1684862619000,"message":"  \u001b[1m● \u001b[22mTest suite failed to run\n\n    SyntaxError: /Users/lynndalee/lynnda-lee-pat/src/components/Card/Card.test.tsx: Support for the experimental syntax 'jsx' isn't currently enabled (6:35):\n\n    \u001b[0m \u001b[90m 4 |\u001b[39m describe(\u001b[32m'Card'\u001b[39m\u001b[33m,\u001b[39m () \u001b[33m=>\u001b[39m {\u001b[0m\n    \u001b[0m \u001b[90m 5 |\u001b[39m   it(\u001b[32m'should match snapshot'\u001b[39m\u001b[33m,\u001b[39m () \u001b[33m=>\u001b[39m {\u001b[0m\n    \u001b[0m\u001b[31m\u001b[1m>\u001b[22m\u001b[39m\u001b[90m 6 |\u001b[39m     \u001b[36mconst\u001b[39m { asFragment } \u001b[33m=\u001b[39m render(\u001b[33m<\u001b[39m\u001b[33mCard\u001b[39m\u001b[33m>\u001b[39m \u001b[33mSnapshot\u001b[39m \u001b[33mCard\u001b[39m \u001b[33m<\u001b[39m\u001b[33m/\u001b[39m\u001b[33mCard\u001b[39m\u001b[33m>\u001b[39m)\u001b[33m;\u001b[39m\u001b[0m\n    \u001b[0m \u001b[90m   |\u001b[39m                                   \u001b[31m\u001b[1m^\u001b[22m\u001b[39m\u001b[0m\n    \u001b[0m \u001b[90m 7 |\u001b[39m     expect(asFragment())\u001b[33m.\u001b[39mtoMatchSnapshot()\u001b[33m;\u001b[39m\u001b[0m\n    \u001b[0m \u001b[90m 8 |\u001b[39m   })\u001b[33m;\u001b[39m\u001b[0m\n    \u001b[0m \u001b[90m 9 |\u001b[39m\u001b[0m\n\n    Add @babel/preset-react (https://github.com/babel/babel/tree/main/packages/babel-preset-react) to the 'presets' section of your Babel config to enable transformation.\n    If you want to leave it as-is, add @babel/plugin-syntax-jsx (https://github.com/babel/babel/tree/main/packages/babel-plugin-syntax-jsx) to the 'plugins' section to enable parsing.\n\n      \u001b[2mat instantiate (\u001b[22mnode_modules/@babel/parser/src/parse-error/credentials.ts\u001b[2m:62:21)\u001b[22m\n      \u001b[2mat toParseError (\u001b[22mnode_modules/@babel/parser/src/parse-error.ts\u001b[2m:60:12)\u001b[22m\n      \u001b[2mat Parser.raise (\u001b[22mnode_modules/@babel/parser/src/tokenizer/index.ts\u001b[2m:1490:19)\u001b[22m\n      \u001b[2mat Parser.expectOnePlugin (\u001b[22mnode_modules/@babel/parser/src/tokenizer/index.ts\u001b[2m:1550:18)\u001b[22m\n      \u001b[2mat Parser.parseExprAtom (\u001b[22mnode_modules/@babel/parser/src/parser/expression.ts\u001b[2m:1279:16)\u001b[22m\n      \u001b[2mat Parser.parseExprSubscripts (\u001b[22mnode_modules/@babel/parser/src/parser/expression.ts\u001b[2m:718:23)\u001b[22m\n      \u001b[2mat Parser.parseUpdate (\u001b[22mnode_modules/@babel/parser/src/parser/expression.ts\u001b[2m:695:21)\u001b[22m\n      \u001b[2mat Parser.parseMaybeUnary (\u001b[22mnode_modules/@babel/parser/src/parser/expression.ts\u001b[2m:657:23)\u001b[22m\n      \u001b[2mat Parser.parseMaybeUnaryOrPrivate (\u001b[22mnode_modules/@babel/parser/src/parser/expression.ts\u001b[2m:395:14)\u001b[22m\n      \u001b[2mat Parser.parseExprOps (\u001b[22mnode_modules/@babel/parser/src/parser/expression.ts\u001b[2m:407:23)\u001b[22m\n      \u001b[2mat Parser.parseMaybeConditional (\u001b[22mnode_modules/@babel/parser/src/parser/expression.ts\u001b[2m:362:23)\u001b[22m\n      \u001b[2mat Parser.parseMaybeAssign (\u001b[22mnode_modules/@babel/parser/src/parser/expression.ts\u001b[2m:302:21)\u001b[22m\n      \u001b[2mat callback (\u001b[22mnode_modules/@babel/parser/src/parser/expression.ts\u001b[2m:256:12)\u001b[22m\n      \u001b[2mat Parser.allowInAnd (\u001b[22mnode_modules/@babel/parser/src/parser/expression.ts\u001b[2m:3077:12)\u001b[22m\n      \u001b[2mat Parser.parseMaybeAssignAllowIn (\u001b[22mnode_modules/@babel/parser/src/parser/expression.ts\u001b[2m:255:17)\u001b[22m\n      \u001b[2mat Parser.parseExprListItem (\u001b[22mnode_modules/@babel/parser/src/parser/expression.ts\u001b[2m:2714:18)\u001b[22m\n      \u001b[2mat Parser.parseCallExpressionArguments (\u001b[22mnode_modules/@babel/parser/src/parser/expression.ts\u001b[2m:1044:14)\u001b[22m\n      \u001b[2mat Parser.parseCoverCallAndAsyncArrowHead (\u001b[22mnode_modules/@babel/parser/src/parser/expression.ts\u001b[2m:894:29)\u001b[22m\n      \u001b[2mat Parser.parseSubscript (\u001b[22mnode_modules/@babel/parser/src/parser/expression.ts\u001b[2m:783:19)\u001b[22m\n      \u001b[2mat Parser.parseSubscripts (\u001b[22mnode_modules/@babel/parser/src/parser/expression.ts\u001b[2m:739:19)\u001b[22m\n      \u001b[2mat Parser.parseExprSubscripts (\u001b[22mnode_modules/@babel/parser/src/parser/expression.ts\u001b[2m:724:17)\u001b[22m\n      \u001b[2mat Parser.parseUpdate (\u001b[22mnode_modules/@babel/parser/src/parser/expression.ts\u001b[2m:695:21)\u001b[22m\n      \u001b[2mat Parser.parseMaybeUnary (\u001b[22mnode_modules/@babel/parser/src/parser/expression.ts\u001b[2m:657:23)\u001b[22m\n      \u001b[2mat Parser.parseMaybeUnaryOrPrivate (\u001b[22mnode_modules/@babel/parser/src/parser/expression.ts\u001b[2m:395:14)\u001b[22m\n      \u001b[2mat Parser.parseExprOps (\u001b[22mnode_modules/@babel/parser/src/parser/expression.ts\u001b[2m:407:23)\u001b[22m\n      \u001b[2mat Parser.parseMaybeConditional (\u001b[22mnode_modules/@babel/parser/src/parser/expression.ts\u001b[2m:362:23)\u001b[22m\n      \u001b[2mat Parser.parseMaybeAssign (\u001b[22mnode_modules/@babel/parser/src/parser/expression.ts\u001b[2m:302:21)\u001b[22m\n      \u001b[2mat callback (\u001b[22mnode_modules/@babel/parser/src/parser/expression.ts\u001b[2m:256:12)\u001b[22m\n      \u001b[2mat Parser.allowInAnd (\u001b[22mnode_modules/@babel/parser/src/parser/expression.ts\u001b[2m:3072:16)\u001b[22m\n      \u001b[2mat Parser.parseMaybeAssignAllowIn (\u001b[22mnode_modules/@babel/parser/src/parser/expression.ts\u001b[2m:255:17)\u001b[22m\n      \u001b[2mat Parser.parseVar (\u001b[22mnode_modules/@babel/parser/src/parser/statement.ts\u001b[2m:1507:16)\u001b[22m\n      \u001b[2mat Parser.parseVarStatement (\u001b[22mnode_modules/@babel/parser/src/parser/statement.ts\u001b[2m:1166:10)\u001b[22m\n      \u001b[2mat Parser.parseStatementContent (\u001b[22mnode_modules/@babel/parser/src/parser/statement.ts\u001b[2m:537:21)\u001b[22m\n      \u001b[2mat Parser.parseStatementLike (\u001b[22mnode_modules/@babel/parser/src/parser/statement.ts\u001b[2m:417:17)\u001b[22m\n      \u001b[2mat Parser.parseStatementListItem (\u001b[22mnode_modules/@babel/parser/src/parser/statement.ts\u001b[2m:366:17)\u001b[22m\n      \u001b[2mat Parser.parseBlockOrModuleBlockBody (\u001b[22mnode_modules/@babel/parser/src/parser/statement.ts\u001b[2m:1360:16)\u001b[22m\n      \u001b[2mat Parser.parseBlockBody (\u001b[22mnode_modules/@babel/parser/src/parser/statement.ts\u001b[2m:1333:10)\u001b[22m\n      \u001b[2mat Parser.parseBlock (\u001b[22mnode_modules/@babel/parser/src/parser/statement.ts\u001b[2m:1301:10)\u001b[22m\n      \u001b[2mat Parser.parseFunctionBody (\u001b[22mnode_modules/@babel/parser/src/parser/expression.ts\u001b[2m:2552:24)\u001b[22m\n      \u001b[2mat Parser.parseArrowExpression (\u001b[22mnode_modules/@babel/parser/src/parser/expression.ts\u001b[2m:2497:10)\u001b[22m\n      \u001b[2mat Parser.parseParenAndDistinguishExpression (\u001b[22mnode_modules/@babel/parser/src/parser/expression.ts\u001b[2m:1799:12)\u001b[22m\n      \u001b[2mat Parser.parseExprAtom (\u001b[22mnode_modules/@babel/parser/src/parser/expression.ts\u001b[2m:1163:21)\u001b[22m\n      \u001b[2mat Parser.parseExprSubscripts (\u001b[22mnode_modules/@babel/parser/src/parser/expression.ts\u001b[2m:718:23)\u001b[22m\n      \u001b[2mat Parser.parseUpdate (\u001b[22mnode_modules/@babel/parser/src/parser/expression.ts\u001b[2m:695:21)\u001b[22m\n      \u001b[2mat Parser.parseMaybeUnary (\u001b[22mnode_modules/@babel/parser/src/parser/expression.ts\u001b[2m:657:23)\u001b[22m\n      \u001b[2mat Parser.parseMaybeUnaryOrPrivate (\u001b[22mnode_modules/@babel/parser/src/parser/expression.ts\u001b[2m:395:14)\u001b[22m\n      \u001b[2mat Parser.parseExprOps (\u001b[22mnode_modules/@babel/parser/src/parser/expression.ts\u001b[2m:407:23)\u001b[22m\n      \u001b[2mat Parser.parseMaybeConditional (\u001b[22mnode_modules/@babel/parser/src/parser/expression.ts\u001b[2m:362:23)\u001b[22m\n      \u001b[2mat Parser.parseMaybeAssign (\u001b[22mnode_modules/@babel/parser/src/parser/expression.ts\u001b[2m:302:21)\u001b[22m\n      \u001b[2mat \u001b[22mnode_modules/@babel/parser/src/parser/expression.ts\u001b[2m:256:12\u001b[22m\n","name":"/Users/lynndalee/lynnda-lee-pat/src/components/Card/Card.test.tsx","startTime":1684862619000,"status":"failed","summary":""},{"assertionResults":[],"coverage":{},"endTime":1684862619000,"message":"  \u001b[1m● \u001b[22mTest suite failed to run\n\n    SyntaxError: /Users/lynndalee/lynnda-lee-pat/src/components/Button/Button.test.tsx: Support for the experimental syntax 'jsx' isn't currently enabled (8:35):\n\n    \u001b[0m \u001b[90m  6 |\u001b[39m describe(\u001b[32m'Buttton'\u001b[39m\u001b[33m,\u001b[39m () \u001b[33m=>\u001b[39m {\u001b[0m\n    \u001b[0m \u001b[90m  7 |\u001b[39m   it(\u001b[32m'should match snapshot'\u001b[39m\u001b[33m,\u001b[39m () \u001b[33m=>\u001b[39m {\u001b[0m\n    \u001b[0m\u001b[31m\u001b[1m>\u001b[22m\u001b[39m\u001b[90m  8 |\u001b[39m     \u001b[36mconst\u001b[39m { asFragment } \u001b[33m=\u001b[39m render(\u001b[33m<\u001b[39m\u001b[33mButton\u001b[39m\u001b[33m>\u001b[39m \u001b[33mSnapshot\u001b[39m \u001b[33mButton\u001b[39m \u001b[33m<\u001b[39m\u001b[33m/\u001b[39m\u001b[33mButton\u001b[39m\u001b[33m>\u001b[39m)\u001b[33m;\u001b[39m\u001b[0m\n    \u001b[0m \u001b[90m    |\u001b[39m                                   \u001b[31m\u001b[1m^\u001b[22m\u001b[39m\u001b[0m\n    \u001b[0m \u001b[90m  9 |\u001b[39m     expect(asFragment())\u001b[33m.\u001b[39mtoMatchSnapshot()\u001b[33m;\u001b[39m\u001b[0m\n    \u001b[0m \u001b[90m 10 |\u001b[39m   })\u001b[33m;\u001b[39m\u001b[0m\n    \u001b[0m \u001b[90m 11 |\u001b[39m\u001b[0m\n\n    Add @babel/preset-react (https://github.com/babel/babel/tree/main/packages/babel-preset-react) to the 'presets' section of your Babel config to enable transformation.\n    If you want to leave it as-is, add @babel/plugin-syntax-jsx (https://github.com/babel/babel/tree/main/packages/babel-plugin-syntax-jsx) to the 'plugins' section to enable parsing.\n\n      \u001b[2mat instantiate (\u001b[22mnode_modules/@babel/parser/src/parse-error/credentials.ts\u001b[2m:62:21)\u001b[22m\n      \u001b[2mat toParseError (\u001b[22mnode_modules/@babel/parser/src/parse-error.ts\u001b[2m:60:12)\u001b[22m\n      \u001b[2mat Parser.raise (\u001b[22mnode_modules/@babel/parser/src/tokenizer/index.ts\u001b[2m:1490:19)\u001b[22m\n      \u001b[2mat Parser.expectOnePlugin (\u001b[22mnode_modules/@babel/parser/src/tokenizer/index.ts\u001b[2m:1550:18)\u001b[22m\n      \u001b[2mat Parser.parseExprAtom (\u001b[22mnode_modules/@babel/parser/src/parser/expression.ts\u001b[2m:1279:16)\u001b[22m\n      \u001b[2mat Parser.parseExprSubscripts (\u001b[22mnode_modules/@babel/parser/src/parser/expression.ts\u001b[2m:718:23)\u001b[22m\n      \u001b[2mat Parser.parseUpdate (\u001b[22mnode_modules/@babel/parser/src/parser/expression.ts\u001b[2m:695:21)\u001b[22m\n      \u001b[2mat Parser.parseMaybeUnary (\u001b[22mnode_modules/@babel/parser/src/parser/expression.ts\u001b[2m:657:23)\u001b[22m\n      \u001b[2mat Parser.parseMaybeUnaryOrPrivate (\u001b[22mnode_modules/@babel/parser/src/parser/expression.ts\u001b[2m:395:14)\u001b[22m\n      \u001b[2mat Parser.parseExprOps (\u001b[22mnode_modules/@babel/parser/src/parser/expression.ts\u001b[2m:407:23)\u001b[22m\n      \u001b[2mat Parser.parseMaybeConditional (\u001b[22mnode_modules/@babel/parser/src/parser/expression.ts\u001b[2m:362:23)\u001b[22m\n      \u001b[2mat Parser.parseMaybeAssign (\u001b[22mnode_modules/@babel/parser/src/parser/expression.ts\u001b[2m:302:21)\u001b[22m\n      \u001b[2mat callback (\u001b[22mnode_modules/@babel/parser/src/parser/expression.ts\u001b[2m:256:12)\u001b[22m\n      \u001b[2mat Parser.allowInAnd (\u001b[22mnode_modules/@babel/parser/src/parser/expression.ts\u001b[2m:3077:12)\u001b[22m\n      \u001b[2mat Parser.parseMaybeAssignAllowIn (\u001b[22mnode_modules/@babel/parser/src/parser/expression.ts\u001b[2m:255:17)\u001b[22m\n      \u001b[2mat Parser.parseExprListItem (\u001b[22mnode_modules/@babel/parser/src/parser/expression.ts\u001b[2m:2714:18)\u001b[22m\n      \u001b[2mat Parser.parseCallExpressionArguments (\u001b[22mnode_modules/@babel/parser/src/parser/expression.ts\u001b[2m:1044:14)\u001b[22m\n      \u001b[2mat Parser.parseCoverCallAndAsyncArrowHead (\u001b[22mnode_modules/@babel/parser/src/parser/expression.ts\u001b[2m:894:29)\u001b[22m\n      \u001b[2mat Parser.parseSubscript (\u001b[22mnode_modules/@babel/parser/src/parser/expression.ts\u001b[2m:783:19)\u001b[22m\n      \u001b[2mat Parser.parseSubscripts (\u001b[22mnode_modules/@babel/parser/src/parser/expression.ts\u001b[2m:739:19)\u001b[22m\n      \u001b[2mat Parser.parseExprSubscripts (\u001b[22mnode_modules/@babel/parser/src/parser/expression.ts\u001b[2m:724:17)\u001b[22m\n      \u001b[2mat Parser.parseUpdate (\u001b[22mnode_modules/@babel/parser/src/parser/expression.ts\u001b[2m:695:21)\u001b[22m\n      \u001b[2mat Parser.parseMaybeUnary (\u001b[22mnode_modules/@babel/parser/src/parser/expression.ts\u001b[2m:657:23)\u001b[22m\n      \u001b[2mat Parser.parseMaybeUnaryOrPrivate (\u001b[22mnode_modules/@babel/parser/src/parser/expression.ts\u001b[2m:395:14)\u001b[22m\n      \u001b[2mat Parser.parseExprOps (\u001b[22mnode_modules/@babel/parser/src/parser/expression.ts\u001b[2m:407:23)\u001b[22m\n      \u001b[2mat Parser.parseMaybeConditional (\u001b[22mnode_modules/@babel/parser/src/parser/expression.ts\u001b[2m:362:23)\u001b[22m\n      \u001b[2mat Parser.parseMaybeAssign (\u001b[22mnode_modules/@babel/parser/src/parser/expression.ts\u001b[2m:302:21)\u001b[22m\n      \u001b[2mat callback (\u001b[22mnode_modules/@babel/parser/src/parser/expression.ts\u001b[2m:256:12)\u001b[22m\n      \u001b[2mat Parser.allowInAnd (\u001b[22mnode_modules/@babel/parser/src/parser/expression.ts\u001b[2m:3072:16)\u001b[22m\n      \u001b[2mat Parser.parseMaybeAssignAllowIn (\u001b[22mnode_modules/@babel/parser/src/parser/expression.ts\u001b[2m:255:17)\u001b[22m\n      \u001b[2mat Parser.parseVar (\u001b[22mnode_modules/@babel/parser/src/parser/statement.ts\u001b[2m:1507:16)\u001b[22m\n      \u001b[2mat Parser.parseVarStatement (\u001b[22mnode_modules/@babel/parser/src/parser/statement.ts\u001b[2m:1166:10)\u001b[22m\n      \u001b[2mat Parser.parseStatementContent (\u001b[22mnode_modules/@babel/parser/src/parser/statement.ts\u001b[2m:537:21)\u001b[22m\n      \u001b[2mat Parser.parseStatementLike (\u001b[22mnode_modules/@babel/parser/src/parser/statement.ts\u001b[2m:417:17)\u001b[22m\n      \u001b[2mat Parser.parseStatementListItem (\u001b[22mnode_modules/@babel/parser/src/parser/statement.ts\u001b[2m:366:17)\u001b[22m\n      \u001b[2mat Parser.parseBlockOrModuleBlockBody (\u001b[22mnode_modules/@babel/parser/src/parser/statement.ts\u001b[2m:1360:16)\u001b[22m\n      \u001b[2mat Parser.parseBlockBody (\u001b[22mnode_modules/@babel/parser/src/parser/statement.ts\u001b[2m:1333:10)\u001b[22m\n      \u001b[2mat Parser.parseBlock (\u001b[22mnode_modules/@babel/parser/src/parser/statement.ts\u001b[2m:1301:10)\u001b[22m\n      \u001b[2mat Parser.parseFunctionBody (\u001b[22mnode_modules/@babel/parser/src/parser/expression.ts\u001b[2m:2552:24)\u001b[22m\n      \u001b[2mat Parser.parseArrowExpression (\u001b[22mnode_modules/@babel/parser/src/parser/expression.ts\u001b[2m:2497:10)\u001b[22m\n      \u001b[2mat Parser.parseParenAndDistinguishExpression (\u001b[22mnode_modules/@babel/parser/src/parser/expression.ts\u001b[2m:1799:12)\u001b[22m\n      \u001b[2mat Parser.parseExprAtom (\u001b[22mnode_modules/@babel/parser/src/parser/expression.ts\u001b[2m:1163:21)\u001b[22m\n      \u001b[2mat Parser.parseExprSubscripts (\u001b[22mnode_modules/@babel/parser/src/parser/expression.ts\u001b[2m:718:23)\u001b[22m\n      \u001b[2mat Parser.parseUpdate (\u001b[22mnode_modules/@babel/parser/src/parser/expression.ts\u001b[2m:695:21)\u001b[22m\n      \u001b[2mat Parser.parseMaybeUnary (\u001b[22mnode_modules/@babel/parser/src/parser/expression.ts\u001b[2m:657:23)\u001b[22m\n      \u001b[2mat Parser.parseMaybeUnaryOrPrivate (\u001b[22mnode_modules/@babel/parser/src/parser/expression.ts\u001b[2m:395:14)\u001b[22m\n      \u001b[2mat Parser.parseExprOps (\u001b[22mnode_modules/@babel/parser/src/parser/expression.ts\u001b[2m:407:23)\u001b[22m\n      \u001b[2mat Parser.parseMaybeConditional (\u001b[22mnode_modules/@babel/parser/src/parser/expression.ts\u001b[2m:362:23)\u001b[22m\n      \u001b[2mat Parser.parseMaybeAssign (\u001b[22mnode_modules/@babel/parser/src/parser/expression.ts\u001b[2m:302:21)\u001b[22m\n      \u001b[2mat \u001b[22mnode_modules/@babel/parser/src/parser/expression.ts\u001b[2m:256:12\u001b[22m\n","name":"/Users/lynndalee/lynnda-lee-pat/src/components/Button/Button.test.tsx","startTime":1684862619000,"status":"failed","summary":""},{"assertionResults":[],"coverage":{},"endTime":1684862619000,"message":"  \u001b[1m● \u001b[22mTest suite failed to run\n\n    SyntaxError: /Users/lynndalee/lynnda-lee-pat/src/components/Icon/Icon.test.tsx: Support for the experimental syntax 'jsx' isn't currently enabled (13:28):\n\n    \u001b[0m \u001b[90m 11 |\u001b[39m     }\u001b[33m;\u001b[39m\u001b[0m\n    \u001b[0m \u001b[90m 12 |\u001b[39m\u001b[0m\n    \u001b[0m\u001b[31m\u001b[1m>\u001b[22m\u001b[39m\u001b[90m 13 |\u001b[39m     \u001b[36mconst\u001b[39m wrapper \u001b[33m=\u001b[39m render(\u001b[33m<\u001b[39m\u001b[33mIcon\u001b[39m {\u001b[33m...\u001b[39miconProps} \u001b[33m/\u001b[39m\u001b[33m>\u001b[39m)\u001b[33m;\u001b[39m\u001b[0m\n    \u001b[0m \u001b[90m    |\u001b[39m                            \u001b[31m\u001b[1m^\u001b[22m\u001b[39m\u001b[0m\n    \u001b[0m \u001b[90m 14 |\u001b[39m     expect(wrapper\u001b[33m.\u001b[39mcontainer\u001b[33m.\u001b[39mchildNodes\u001b[33m.\u001b[39mlength)\u001b[33m.\u001b[39mtoBe(\u001b[35m0\u001b[39m)\u001b[33m;\u001b[39m\u001b[0m\n    \u001b[0m \u001b[90m 15 |\u001b[39m   })\u001b[33m;\u001b[39m\u001b[0m\n    \u001b[0m \u001b[90m 16 |\u001b[39m })\u001b[33m;\u001b[39m\u001b[0m\n\n    Add @babel/preset-react (https://github.com/babel/babel/tree/main/packages/babel-preset-react) to the 'presets' section of your Babel config to enable transformation.\n    If you want to leave it as-is, add @babel/plugin-syntax-jsx (https://github.com/babel/babel/tree/main/packages/babel-plugin-syntax-jsx) to the 'plugins' section to enable parsing.\n\n      \u001b[2mat instantiate (\u001b[22mnode_modules/@babel/parser/src/parse-error/credentials.ts\u001b[2m:62:21)\u001b[22m\n      \u001b[2mat toParseError (\u001b[22mnode_modules/@babel/parser/src/parse-error.ts\u001b[2m:60:12)\u001b[22m\n      \u001b[2mat Parser.raise (\u001b[22mnode_modules/@babel/parser/src/tokenizer/index.ts\u001b[2m:1490:19)\u001b[22m\n      \u001b[2mat Parser.expectOnePlugin (\u001b[22mnode_modules/@babel/parser/src/tokenizer/index.ts\u001b[2m:1550:18)\u001b[22m\n      \u001b[2mat Parser.parseExprAtom (\u001b[22mnode_modules/@babel/parser/src/parser/expression.ts\u001b[2m:1279:16)\u001b[22m\n      \u001b[2mat Parser.parseExprSubscripts (\u001b[22mnode_modules/@babel/parser/src/parser/expression.ts\u001b[2m:718:23)\u001b[22m\n      \u001b[2mat Parser.parseUpdate (\u001b[22mnode_modules/@babel/parser/src/parser/expression.ts\u001b[2m:695:21)\u001b[22m\n      \u001b[2mat Parser.parseMaybeUnary (\u001b[22mnode_modules/@babel/parser/src/parser/expression.ts\u001b[2m:657:23)\u001b[22m\n      \u001b[2mat Parser.parseMaybeUnaryOrPrivate (\u001b[22mnode_modules/@babel/parser/src/parser/expression.ts\u001b[2m:395:14)\u001b[22m\n      \u001b[2mat Parser.parseExprOps (\u001b[22mnode_modules/@babel/parser/src/parser/expression.ts\u001b[2m:407:23)\u001b[22m\n      \u001b[2mat Parser.parseMaybeConditional (\u001b[22mnode_modules/@babel/parser/src/parser/expression.ts\u001b[2m:362:23)\u001b[22m\n      \u001b[2mat Parser.parseMaybeAssign (\u001b[22mnode_modules/@babel/parser/src/parser/expression.ts\u001b[2m:302:21)\u001b[22m\n      \u001b[2mat callback (\u001b[22mnode_modules/@babel/parser/src/parser/expression.ts\u001b[2m:256:12)\u001b[22m\n      \u001b[2mat Parser.allowInAnd (\u001b[22mnode_modules/@babel/parser/src/parser/expression.ts\u001b[2m:3077:12)\u001b[22m\n      \u001b[2mat Parser.parseMaybeAssignAllowIn (\u001b[22mnode_modules/@babel/parser/src/parser/expression.ts\u001b[2m:255:17)\u001b[22m\n      \u001b[2mat Parser.parseExprListItem (\u001b[22mnode_modules/@babel/parser/src/parser/expression.ts\u001b[2m:2714:18)\u001b[22m\n      \u001b[2mat Parser.parseCallExpressionArguments (\u001b[22mnode_modules/@babel/parser/src/parser/expression.ts\u001b[2m:1044:14)\u001b[22m\n      \u001b[2mat Parser.parseCoverCallAndAsyncArrowHead (\u001b[22mnode_modules/@babel/parser/src/parser/expression.ts\u001b[2m:894:29)\u001b[22m\n      \u001b[2mat Parser.parseSubscript (\u001b[22mnode_modules/@babel/parser/src/parser/expression.ts\u001b[2m:783:19)\u001b[22m\n      \u001b[2mat Parser.parseSubscripts (\u001b[22mnode_modules/@babel/parser/src/parser/expression.ts\u001b[2m:739:19)\u001b[22m\n      \u001b[2mat Parser.parseExprSubscripts (\u001b[22mnode_modules/@babel/parser/src/parser/expression.ts\u001b[2m:724:17)\u001b[22m\n      \u001b[2mat Parser.parseUpdate (\u001b[22mnode_modules/@babel/parser/src/parser/expression.ts\u001b[2m:695:21)\u001b[22m\n      \u001b[2mat Parser.parseMaybeUnary (\u001b[22mnode_modules/@babel/parser/src/parser/expression.ts\u001b[2m:657:23)\u001b[22m\n      \u001b[2mat Parser.parseMaybeUnaryOrPrivate (\u001b[22mnode_modules/@babel/parser/src/parser/expression.ts\u001b[2m:395:14)\u001b[22m\n      \u001b[2mat Parser.parseExprOps (\u001b[22mnode_modules/@babel/parser/src/parser/expression.ts\u001b[2m:407:23)\u001b[22m\n      \u001b[2mat Parser.parseMaybeConditional (\u001b[22mnode_modules/@babel/parser/src/parser/expression.ts\u001b[2m:362:23)\u001b[22m\n      \u001b[2mat Parser.parseMaybeAssign (\u001b[22mnode_modules/@babel/parser/src/parser/expression.ts\u001b[2m:302:21)\u001b[22m\n      \u001b[2mat callback (\u001b[22mnode_modules/@babel/parser/src/parser/expression.ts\u001b[2m:256:12)\u001b[22m\n      \u001b[2mat Parser.allowInAnd (\u001b[22mnode_modules/@babel/parser/src/parser/expression.ts\u001b[2m:3072:16)\u001b[22m\n      \u001b[2mat Parser.parseMaybeAssignAllowIn (\u001b[22mnode_modules/@babel/parser/src/parser/expression.ts\u001b[2m:255:17)\u001b[22m\n      \u001b[2mat Parser.parseVar (\u001b[22mnode_modules/@babel/parser/src/parser/statement.ts\u001b[2m:1507:16)\u001b[22m\n      \u001b[2mat Parser.parseVarStatement (\u001b[22mnode_modules/@babel/parser/src/parser/statement.ts\u001b[2m:1166:10)\u001b[22m\n      \u001b[2mat Parser.parseStatementContent (\u001b[22mnode_modules/@babel/parser/src/parser/statement.ts\u001b[2m:537:21)\u001b[22m\n      \u001b[2mat Parser.parseStatementLike (\u001b[22mnode_modules/@babel/parser/src/parser/statement.ts\u001b[2m:417:17)\u001b[22m\n      \u001b[2mat Parser.parseStatementListItem (\u001b[22mnode_modules/@babel/parser/src/parser/statement.ts\u001b[2m:366:17)\u001b[22m\n      \u001b[2mat Parser.parseBlockOrModuleBlockBody (\u001b[22mnode_modules/@babel/parser/src/parser/statement.ts\u001b[2m:1360:16)\u001b[22m\n      \u001b[2mat Parser.parseBlockBody (\u001b[22mnode_modules/@babel/parser/src/parser/statement.ts\u001b[2m:1333:10)\u001b[22m\n      \u001b[2mat Parser.parseBlock (\u001b[22mnode_modules/@babel/parser/src/parser/statement.ts\u001b[2m:1301:10)\u001b[22m\n      \u001b[2mat Parser.parseFunctionBody (\u001b[22mnode_modules/@babel/parser/src/parser/expression.ts\u001b[2m:2552:24)\u001b[22m\n      \u001b[2mat Parser.parseArrowExpression (\u001b[22mnode_modules/@babel/parser/src/parser/expression.ts\u001b[2m:2497:10)\u001b[22m\n      \u001b[2mat Parser.parseParenAndDistinguishExpression (\u001b[22mnode_modules/@babel/parser/src/parser/expression.ts\u001b[2m:1799:12)\u001b[22m\n      \u001b[2mat Parser.parseExprAtom (\u001b[22mnode_modules/@babel/parser/src/parser/expression.ts\u001b[2m:1163:21)\u001b[22m\n      \u001b[2mat Parser.parseExprSubscripts (\u001b[22mnode_modules/@babel/parser/src/parser/expression.ts\u001b[2m:718:23)\u001b[22m\n      \u001b[2mat Parser.parseUpdate (\u001b[22mnode_modules/@babel/parser/src/parser/expression.ts\u001b[2m:695:21)\u001b[22m\n      \u001b[2mat Parser.parseMaybeUnary (\u001b[22mnode_modules/@babel/parser/src/parser/expression.ts\u001b[2m:657:23)\u001b[22m\n      \u001b[2mat Parser.parseMaybeUnaryOrPrivate (\u001b[22mnode_modules/@babel/parser/src/parser/expression.ts\u001b[2m:395:14)\u001b[22m\n      \u001b[2mat Parser.parseExprOps (\u001b[22mnode_modules/@babel/parser/src/parser/expression.ts\u001b[2m:407:23)\u001b[22m\n      \u001b[2mat Parser.parseMaybeConditional (\u001b[22mnode_modules/@babel/parser/src/parser/expression.ts\u001b[2m:362:23)\u001b[22m\n      \u001b[2mat Parser.parseMaybeAssign (\u001b[22mnode_modules/@babel/parser/src/parser/expression.ts\u001b[2m:302:21)\u001b[22m\n      \u001b[2mat \u001b[22mnode_modules/@babel/parser/src/parser/expression.ts\u001b[2m:256:12\u001b[22m\n","name":"/Users/lynndalee/lynnda-lee-pat/src/components/Icon/Icon.test.tsx","startTime":1684862619000,"status":"failed","summary":""},{"assertionResults":[],"coverage":{},"endTime":1684862619000,"message":"  \u001b[1m● \u001b[22mTest suite failed to run\n\n    SyntaxError: /Users/lynndalee/lynnda-lee-pat/src/components/Progress/Progress.test.tsx: Support for the experimental syntax 'jsx' isn't currently enabled (12:34):\n\n    \u001b[0m \u001b[90m 10 |\u001b[39m     \u001b[90m// expect(asFragment()).toMatchSnapshot();\u001b[39m\u001b[0m\n    \u001b[0m \u001b[90m 11 |\u001b[39m\u001b[0m\n    \u001b[0m\u001b[31m\u001b[1m>\u001b[22m\u001b[39m\u001b[90m 12 |\u001b[39m     \u001b[36mconst\u001b[39m { container } \u001b[33m=\u001b[39m render(\u001b[33m<\u001b[39m\u001b[33mProgress\u001b[39m pgValue\u001b[33m=\u001b[39m{\u001b[35m0\u001b[39m}\u001b[33m>\u001b[39m\u001b[33m<\u001b[39m\u001b[33m/\u001b[39m\u001b[33mProgress\u001b[39m\u001b[33m>\u001b[39m)\u001b[33m;\u001b[39m\u001b[0m\n    \u001b[0m \u001b[90m    |\u001b[39m                                  \u001b[31m\u001b[1m^\u001b[22m\u001b[39m\u001b[0m\n    \u001b[0m \u001b[90m 13 |\u001b[39m     expect(container\u001b[33m.\u001b[39mfirstChild)\u001b[33m.\u001b[39mtoMatchSnapshot()\u001b[33m;\u001b[39m\u001b[0m\n    \u001b[0m \u001b[90m 14 |\u001b[39m   })\u001b[33m;\u001b[39m\u001b[0m\n    \u001b[0m \u001b[90m 15 |\u001b[39m\u001b[0m\n\n    Add @babel/preset-react (https://github.com/babel/babel/tree/main/packages/babel-preset-react) to the 'presets' section of your Babel config to enable transformation.\n    If you want to leave it as-is, add @babel/plugin-syntax-jsx (https://github.com/babel/babel/tree/main/packages/babel-plugin-syntax-jsx) to the 'plugins' section to enable parsing.\n\n      \u001b[2mat instantiate (\u001b[22mnode_modules/@babel/parser/src/parse-error/credentials.ts\u001b[2m:62:21)\u001b[22m\n      \u001b[2mat toParseError (\u001b[22mnode_modules/@babel/parser/src/parse-error.ts\u001b[2m:60:12)\u001b[22m\n      \u001b[2mat Parser.raise (\u001b[22mnode_modules/@babel/parser/src/tokenizer/index.ts\u001b[2m:1490:19)\u001b[22m\n      \u001b[2mat Parser.expectOnePlugin (\u001b[22mnode_modules/@babel/parser/src/tokenizer/index.ts\u001b[2m:1550:18)\u001b[22m\n      \u001b[2mat Parser.parseExprAtom (\u001b[22mnode_modules/@babel/parser/src/parser/expression.ts\u001b[2m:1279:16)\u001b[22m\n      \u001b[2mat Parser.parseExprSubscripts (\u001b[22mnode_modules/@babel/parser/src/parser/expression.ts\u001b[2m:718:23)\u001b[22m\n      \u001b[2mat Parser.parseUpdate (\u001b[22mnode_modules/@babel/parser/src/parser/expression.ts\u001b[2m:695:21)\u001b[22m\n      \u001b[2mat Parser.parseMaybeUnary (\u001b[22mnode_modules/@babel/parser/src/parser/expression.ts\u001b[2m:657:23)\u001b[22m\n      \u001b[2mat Parser.parseMaybeUnaryOrPrivate (\u001b[22mnode_modules/@babel/parser/src/parser/expression.ts\u001b[2m:395:14)\u001b[22m\n      \u001b[2mat Parser.parseExprOps (\u001b[22mnode_modules/@babel/parser/src/parser/expression.ts\u001b[2m:407:23)\u001b[22m\n      \u001b[2mat Parser.parseMaybeConditional (\u001b[22mnode_modules/@babel/parser/src/parser/expression.ts\u001b[2m:362:23)\u001b[22m\n      \u001b[2mat Parser.parseMaybeAssign (\u001b[22mnode_modules/@babel/parser/src/parser/expression.ts\u001b[2m:302:21)\u001b[22m\n      \u001b[2mat callback (\u001b[22mnode_modules/@babel/parser/src/parser/expression.ts\u001b[2m:256:12)\u001b[22m\n      \u001b[2mat Parser.allowInAnd (\u001b[22mnode_modules/@babel/parser/src/parser/expression.ts\u001b[2m:3077:12)\u001b[22m\n      \u001b[2mat Parser.parseMaybeAssignAllowIn (\u001b[22mnode_modules/@babel/parser/src/parser/expression.ts\u001b[2m:255:17)\u001b[22m\n      \u001b[2mat Parser.parseExprListItem (\u001b[22mnode_modules/@babel/parser/src/parser/expression.ts\u001b[2m:2714:18)\u001b[22m\n      \u001b[2mat Parser.parseCallExpressionArguments (\u001b[22mnode_modules/@babel/parser/src/parser/expression.ts\u001b[2m:1044:14)\u001b[22m\n      \u001b[2mat Parser.parseCoverCallAndAsyncArrowHead (\u001b[22mnode_modules/@babel/parser/src/parser/expression.ts\u001b[2m:894:29)\u001b[22m\n      \u001b[2mat Parser.parseSubscript (\u001b[22mnode_modules/@babel/parser/src/parser/expression.ts\u001b[2m:783:19)\u001b[22m\n      \u001b[2mat Parser.parseSubscripts (\u001b[22mnode_modules/@babel/parser/src/parser/expression.ts\u001b[2m:739:19)\u001b[22m\n      \u001b[2mat Parser.parseExprSubscripts (\u001b[22mnode_modules/@babel/parser/src/parser/expression.ts\u001b[2m:724:17)\u001b[22m\n      \u001b[2mat Parser.parseUpdate (\u001b[22mnode_modules/@babel/parser/src/parser/expression.ts\u001b[2m:695:21)\u001b[22m\n      \u001b[2mat Parser.parseMaybeUnary (\u001b[22mnode_modules/@babel/parser/src/parser/expression.ts\u001b[2m:657:23)\u001b[22m\n      \u001b[2mat Parser.parseMaybeUnaryOrPrivate (\u001b[22mnode_modules/@babel/parser/src/parser/expression.ts\u001b[2m:395:14)\u001b[22m\n      \u001b[2mat Parser.parseExprOps (\u001b[22mnode_modules/@babel/parser/src/parser/expression.ts\u001b[2m:407:23)\u001b[22m\n      \u001b[2mat Parser.parseMaybeConditional (\u001b[22mnode_modules/@babel/parser/src/parser/expression.ts\u001b[2m:362:23)\u001b[22m\n      \u001b[2mat Parser.parseMaybeAssign (\u001b[22mnode_modules/@babel/parser/src/parser/expression.ts\u001b[2m:302:21)\u001b[22m\n      \u001b[2mat callback (\u001b[22mnode_modules/@babel/parser/src/parser/expression.ts\u001b[2m:256:12)\u001b[22m\n      \u001b[2mat Parser.allowInAnd (\u001b[22mnode_modules/@babel/parser/src/parser/expression.ts\u001b[2m:3072:16)\u001b[22m\n      \u001b[2mat Parser.parseMaybeAssignAllowIn (\u001b[22mnode_modules/@babel/parser/src/parser/expression.ts\u001b[2m:255:17)\u001b[22m\n      \u001b[2mat Parser.parseVar (\u001b[22mnode_modules/@babel/parser/src/parser/statement.ts\u001b[2m:1507:16)\u001b[22m\n      \u001b[2mat Parser.parseVarStatement (\u001b[22mnode_modules/@babel/parser/src/parser/statement.ts\u001b[2m:1166:10)\u001b[22m\n      \u001b[2mat Parser.parseStatementContent (\u001b[22mnode_modules/@babel/parser/src/parser/statement.ts\u001b[2m:537:21)\u001b[22m\n      \u001b[2mat Parser.parseStatementLike (\u001b[22mnode_modules/@babel/parser/src/parser/statement.ts\u001b[2m:417:17)\u001b[22m\n      \u001b[2mat Parser.parseStatementListItem (\u001b[22mnode_modules/@babel/parser/src/parser/statement.ts\u001b[2m:366:17)\u001b[22m\n      \u001b[2mat Parser.parseBlockOrModuleBlockBody (\u001b[22mnode_modules/@babel/parser/src/parser/statement.ts\u001b[2m:1360:16)\u001b[22m\n      \u001b[2mat Parser.parseBlockBody (\u001b[22mnode_modules/@babel/parser/src/parser/statement.ts\u001b[2m:1333:10)\u001b[22m\n      \u001b[2mat Parser.parseBlock (\u001b[22mnode_modules/@babel/parser/src/parser/statement.ts\u001b[2m:1301:10)\u001b[22m\n      \u001b[2mat Parser.parseFunctionBody (\u001b[22mnode_modules/@babel/parser/src/parser/expression.ts\u001b[2m:2552:24)\u001b[22m\n      \u001b[2mat Parser.parseArrowExpression (\u001b[22mnode_modules/@babel/parser/src/parser/expression.ts\u001b[2m:2497:10)\u001b[22m\n      \u001b[2mat Parser.parseParenAndDistinguishExpression (\u001b[22mnode_modules/@babel/parser/src/parser/expression.ts\u001b[2m:1799:12)\u001b[22m\n      \u001b[2mat Parser.parseExprAtom (\u001b[22mnode_modules/@babel/parser/src/parser/expression.ts\u001b[2m:1163:21)\u001b[22m\n      \u001b[2mat Parser.parseExprSubscripts (\u001b[22mnode_modules/@babel/parser/src/parser/expression.ts\u001b[2m:718:23)\u001b[22m\n      \u001b[2mat Parser.parseUpdate (\u001b[22mnode_modules/@babel/parser/src/parser/expression.ts\u001b[2m:695:21)\u001b[22m\n      \u001b[2mat Parser.parseMaybeUnary (\u001b[22mnode_modules/@babel/parser/src/parser/expression.ts\u001b[2m:657:23)\u001b[22m\n      \u001b[2mat Parser.parseMaybeUnaryOrPrivate (\u001b[22mnode_modules/@babel/parser/src/parser/expression.ts\u001b[2m:395:14)\u001b[22m\n      \u001b[2mat Parser.parseExprOps (\u001b[22mnode_modules/@babel/parser/src/parser/expression.ts\u001b[2m:407:23)\u001b[22m\n      \u001b[2mat Parser.parseMaybeConditional (\u001b[22mnode_modules/@babel/parser/src/parser/expression.ts\u001b[2m:362:23)\u001b[22m\n      \u001b[2mat Parser.parseMaybeAssign (\u001b[22mnode_modules/@babel/parser/src/parser/expression.ts\u001b[2m:302:21)\u001b[22m\n      \u001b[2mat \u001b[22mnode_modules/@babel/parser/src/parser/expression.ts\u001b[2m:256:12\u001b[22m\n","name":"/Users/lynndalee/lynnda-lee-pat/src/components/Progress/Progress.test.tsx","startTime":1684862619000,"status":"failed","summary":""},{"assertionResults":[],"coverage":{},"endTime":1684862619000,"message":"  \u001b[1m● \u001b[22mTest suite failed to run\n\n    SyntaxError: /Users/lynndalee/lynnda-lee-pat/src/components/Accordian/Accordian.test.tsx: Support for the experimental syntax 'jsx' isn't currently enabled (8:35):\n\n    \u001b[0m \u001b[90m  6 |\u001b[39m describe(\u001b[32m'Accordion'\u001b[39m\u001b[33m,\u001b[39m () \u001b[33m=>\u001b[39m {\u001b[0m\n    \u001b[0m \u001b[90m  7 |\u001b[39m   it(\u001b[32m'should match snapshot'\u001b[39m\u001b[33m,\u001b[39m () \u001b[33m=>\u001b[39m {\u001b[0m\n    \u001b[0m\u001b[31m\u001b[1m>\u001b[22m\u001b[39m\u001b[90m  8 |\u001b[39m     \u001b[36mconst\u001b[39m { asFragment } \u001b[33m=\u001b[39m render(\u001b[33m<\u001b[39m\u001b[33mAccordion\u001b[39m title\u001b[33m=\u001b[39m\u001b[32m\"Test Accordion\"\u001b[39m\u001b[33m>\u001b[39m\u001b[33mTest\u001b[39m \u001b[33mContent\u001b[39m\u001b[33m<\u001b[39m\u001b[33m/\u001b[39m\u001b[33mAccordion\u001b[39m\u001b[33m>\u001b[39m)\u001b[33m;\u001b[39m\u001b[0m\n    \u001b[0m \u001b[90m    |\u001b[39m                                   \u001b[31m\u001b[1m^\u001b[22m\u001b[39m\u001b[0m\n    \u001b[0m \u001b[90m  9 |\u001b[39m     expect(asFragment())\u001b[33m.\u001b[39mtoMatchSnapshot()\u001b[33m;\u001b[39m\u001b[0m\n    \u001b[0m \u001b[90m 10 |\u001b[39m   })\u001b[33m;\u001b[39m\u001b[0m\n    \u001b[0m \u001b[90m 11 |\u001b[39m\u001b[0m\n\n    Add @babel/preset-react (https://github.com/babel/babel/tree/main/packages/babel-preset-react) to the 'presets' section of your Babel config to enable transformation.\n    If you want to leave it as-is, add @babel/plugin-syntax-jsx (https://github.com/babel/babel/tree/main/packages/babel-plugin-syntax-jsx) to the 'plugins' section to enable parsing.\n\n      \u001b[2mat instantiate (\u001b[22mnode_modules/@babel/parser/src/parse-error/credentials.ts\u001b[2m:62:21)\u001b[22m\n      \u001b[2mat toParseError (\u001b[22mnode_modules/@babel/parser/src/parse-error.ts\u001b[2m:60:12)\u001b[22m\n      \u001b[2mat Parser.raise (\u001b[22mnode_modules/@babel/parser/src/tokenizer/index.ts\u001b[2m:1490:19)\u001b[22m\n      \u001b[2mat Parser.expectOnePlugin (\u001b[22mnode_modules/@babel/parser/src/tokenizer/index.ts\u001b[2m:1550:18)\u001b[22m\n      \u001b[2mat Parser.parseExprAtom (\u001b[22mnode_modules/@babel/parser/src/parser/expression.ts\u001b[2m:1279:16)\u001b[22m\n      \u001b[2mat Parser.parseExprSubscripts (\u001b[22mnode_modules/@babel/parser/src/parser/expression.ts\u001b[2m:718:23)\u001b[22m\n      \u001b[2mat Parser.parseUpdate (\u001b[22mnode_modules/@babel/parser/src/parser/expression.ts\u001b[2m:695:21)\u001b[22m\n      \u001b[2mat Parser.parseMaybeUnary (\u001b[22mnode_modules/@babel/parser/src/parser/expression.ts\u001b[2m:657:23)\u001b[22m\n      \u001b[2mat Parser.parseMaybeUnaryOrPrivate (\u001b[22mnode_modules/@babel/parser/src/parser/expression.ts\u001b[2m:395:14)\u001b[22m\n      \u001b[2mat Parser.parseExprOps (\u001b[22mnode_modules/@babel/parser/src/parser/expression.ts\u001b[2m:407:23)\u001b[22m\n      \u001b[2mat Parser.parseMaybeConditional (\u001b[22mnode_modules/@babel/parser/src/parser/expression.ts\u001b[2m:362:23)\u001b[22m\n      \u001b[2mat Parser.parseMaybeAssign (\u001b[22mnode_modules/@babel/parser/src/parser/expression.ts\u001b[2m:302:21)\u001b[22m\n      \u001b[2mat callback (\u001b[22mnode_modules/@babel/parser/src/parser/expression.ts\u001b[2m:256:12)\u001b[22m\n      \u001b[2mat Parser.allowInAnd (\u001b[22mnode_modules/@babel/parser/src/parser/expression.ts\u001b[2m:3077:12)\u001b[22m\n      \u001b[2mat Parser.parseMaybeAssignAllowIn (\u001b[22mnode_modules/@babel/parser/src/parser/expression.ts\u001b[2m:255:17)\u001b[22m\n      \u001b[2mat Parser.parseExprListItem (\u001b[22mnode_modules/@babel/parser/src/parser/expression.ts\u001b[2m:2714:18)\u001b[22m\n      \u001b[2mat Parser.parseCallExpressionArguments (\u001b[22mnode_modules/@babel/parser/src/parser/expression.ts\u001b[2m:1044:14)\u001b[22m\n      \u001b[2mat Parser.parseCoverCallAndAsyncArrowHead (\u001b[22mnode_modules/@babel/parser/src/parser/expression.ts\u001b[2m:894:29)\u001b[22m\n      \u001b[2mat Parser.parseSubscript (\u001b[22mnode_modules/@babel/parser/src/parser/expression.ts\u001b[2m:783:19)\u001b[22m\n      \u001b[2mat Parser.parseSubscripts (\u001b[22mnode_modules/@babel/parser/src/parser/expression.ts\u001b[2m:739:19)\u001b[22m\n      \u001b[2mat Parser.parseExprSubscripts (\u001b[22mnode_modules/@babel/parser/src/parser/expression.ts\u001b[2m:724:17)\u001b[22m\n      \u001b[2mat Parser.parseUpdate (\u001b[22mnode_modules/@babel/parser/src/parser/expression.ts\u001b[2m:695:21)\u001b[22m\n      \u001b[2mat Parser.parseMaybeUnary (\u001b[22mnode_modules/@babel/parser/src/parser/expression.ts\u001b[2m:657:23)\u001b[22m\n      \u001b[2mat Parser.parseMaybeUnaryOrPrivate (\u001b[22mnode_modules/@babel/parser/src/parser/expression.ts\u001b[2m:395:14)\u001b[22m\n      \u001b[2mat Parser.parseExprOps (\u001b[22mnode_modules/@babel/parser/src/parser/expression.ts\u001b[2m:407:23)\u001b[22m\n      \u001b[2mat Parser.parseMaybeConditional (\u001b[22mnode_modules/@babel/parser/src/parser/expression.ts\u001b[2m:362:23)\u001b[22m\n      \u001b[2mat Parser.parseMaybeAssign (\u001b[22mnode_modules/@babel/parser/src/parser/expression.ts\u001b[2m:302:21)\u001b[22m\n      \u001b[2mat callback (\u001b[22mnode_modules/@babel/parser/src/parser/expression.ts\u001b[2m:256:12)\u001b[22m\n      \u001b[2mat Parser.allowInAnd (\u001b[22mnode_modules/@babel/parser/src/parser/expression.ts\u001b[2m:3072:16)\u001b[22m\n      \u001b[2mat Parser.parseMaybeAssignAllowIn (\u001b[22mnode_modules/@babel/parser/src/parser/expression.ts\u001b[2m:255:17)\u001b[22m\n      \u001b[2mat Parser.parseVar (\u001b[22mnode_modules/@babel/parser/src/parser/statement.ts\u001b[2m:1507:16)\u001b[22m\n      \u001b[2mat Parser.parseVarStatement (\u001b[22mnode_modules/@babel/parser/src/parser/statement.ts\u001b[2m:1166:10)\u001b[22m\n      \u001b[2mat Parser.parseStatementContent (\u001b[22mnode_modules/@babel/parser/src/parser/statement.ts\u001b[2m:537:21)\u001b[22m\n      \u001b[2mat Parser.parseStatementLike (\u001b[22mnode_modules/@babel/parser/src/parser/statement.ts\u001b[2m:417:17)\u001b[22m\n      \u001b[2mat Parser.parseStatementListItem (\u001b[22mnode_modules/@babel/parser/src/parser/statement.ts\u001b[2m:366:17)\u001b[22m\n      \u001b[2mat Parser.parseBlockOrModuleBlockBody (\u001b[22mnode_modules/@babel/parser/src/parser/statement.ts\u001b[2m:1360:16)\u001b[22m\n      \u001b[2mat Parser.parseBlockBody (\u001b[22mnode_modules/@babel/parser/src/parser/statement.ts\u001b[2m:1333:10)\u001b[22m\n      \u001b[2mat Parser.parseBlock (\u001b[22mnode_modules/@babel/parser/src/parser/statement.ts\u001b[2m:1301:10)\u001b[22m\n      \u001b[2mat Parser.parseFunctionBody (\u001b[22mnode_modules/@babel/parser/src/parser/expression.ts\u001b[2m:2552:24)\u001b[22m\n      \u001b[2mat Parser.parseArrowExpression (\u001b[22mnode_modules/@babel/parser/src/parser/expression.ts\u001b[2m:2497:10)\u001b[22m\n      \u001b[2mat Parser.parseParenAndDistinguishExpression (\u001b[22mnode_modules/@babel/parser/src/parser/expression.ts\u001b[2m:1799:12)\u001b[22m\n      \u001b[2mat Parser.parseExprAtom (\u001b[22mnode_modules/@babel/parser/src/parser/expression.ts\u001b[2m:1163:21)\u001b[22m\n      \u001b[2mat Parser.parseExprSubscripts (\u001b[22mnode_modules/@babel/parser/src/parser/expression.ts\u001b[2m:718:23)\u001b[22m\n      \u001b[2mat Parser.parseUpdate (\u001b[22mnode_modules/@babel/parser/src/parser/expression.ts\u001b[2m:695:21)\u001b[22m\n      \u001b[2mat Parser.parseMaybeUnary (\u001b[22mnode_modules/@babel/parser/src/parser/expression.ts\u001b[2m:657:23)\u001b[22m\n      \u001b[2mat Parser.parseMaybeUnaryOrPrivate (\u001b[22mnode_modules/@babel/parser/src/parser/expression.ts\u001b[2m:395:14)\u001b[22m\n      \u001b[2mat Parser.parseExprOps (\u001b[22mnode_modules/@babel/parser/src/parser/expression.ts\u001b[2m:407:23)\u001b[22m\n      \u001b[2mat Parser.parseMaybeConditional (\u001b[22mnode_modules/@babel/parser/src/parser/expression.ts\u001b[2m:362:23)\u001b[22m\n      \u001b[2mat Parser.parseMaybeAssign (\u001b[22mnode_modules/@babel/parser/src/parser/expression.ts\u001b[2m:302:21)\u001b[22m\n      \u001b[2mat \u001b[22mnode_modules/@babel/parser/src/parser/expression.ts\u001b[2m:256:12\u001b[22m\n","name":"/Users/lynndalee/lynnda-lee-pat/src/components/Accordian/Accordian.test.tsx","startTime":1684862619000,"status":"failed","summary":""},{"assertionResults":[],"coverage":{},"endTime":1684862619000,"message":"  \u001b[1m● \u001b[22mTest suite failed to run\n\n    SyntaxError: /Users/lynndalee/lynnda-lee-pat/src/components/Message/Message.test.tsx: Support for the experimental syntax 'jsx' isn't currently enabled (8:37):\n\n    \u001b[0m \u001b[90m  6 |\u001b[39m describe(\u001b[32m'Message'\u001b[39m\u001b[33m,\u001b[39m () \u001b[33m=>\u001b[39m {\u001b[0m\n    \u001b[0m \u001b[90m  7 |\u001b[39m     it(\u001b[32m'should match snapshot'\u001b[39m\u001b[33m,\u001b[39m () \u001b[33m=>\u001b[39m {\u001b[0m\n    \u001b[0m\u001b[31m\u001b[1m>\u001b[22m\u001b[39m\u001b[90m  8 |\u001b[39m         \u001b[36mconst\u001b[39m {asFragment} \u001b[33m=\u001b[39m render(\u001b[33m<\u001b[39m\u001b[33mMessage\u001b[39m\u001b[33m>\u001b[39m \u001b[33mSnapshot\u001b[39m \u001b[33mMessage\u001b[39m \u001b[33m<\u001b[39m\u001b[33m/\u001b[39m\u001b[33mMessage\u001b[39m\u001b[33m>\u001b[39m)\u001b[33m;\u001b[39m\u001b[0m\n    \u001b[0m \u001b[90m    |\u001b[39m                                     \u001b[31m\u001b[1m^\u001b[22m\u001b[39m\u001b[0m\n    \u001b[0m \u001b[90m  9 |\u001b[39m         expect(asFragment())\u001b[33m.\u001b[39mtoMatchSnapshot()\u001b[33m;\u001b[39m\u001b[0m\n    \u001b[0m \u001b[90m 10 |\u001b[39m     })\u001b[33m;\u001b[39m\u001b[0m\n    \u001b[0m \u001b[90m 11 |\u001b[39m\u001b[0m\n\n    Add @babel/preset-react (https://github.com/babel/babel/tree/main/packages/babel-preset-react) to the 'presets' section of your Babel config to enable transformation.\n    If you want to leave it as-is, add @babel/plugin-syntax-jsx (https://github.com/babel/babel/tree/main/packages/babel-plugin-syntax-jsx) to the 'plugins' section to enable parsing.\n\n      \u001b[2mat instantiate (\u001b[22mnode_modules/@babel/parser/src/parse-error/credentials.ts\u001b[2m:62:21)\u001b[22m\n      \u001b[2mat toParseError (\u001b[22mnode_modules/@babel/parser/src/parse-error.ts\u001b[2m:60:12)\u001b[22m\n      \u001b[2mat Parser.raise (\u001b[22mnode_modules/@babel/parser/src/tokenizer/index.ts\u001b[2m:1490:19)\u001b[22m\n      \u001b[2mat Parser.expectOnePlugin (\u001b[22mnode_modules/@babel/parser/src/tokenizer/index.ts\u001b[2m:1550:18)\u001b[22m\n      \u001b[2mat Parser.parseExprAtom (\u001b[22mnode_modules/@babel/parser/src/parser/expression.ts\u001b[2m:1279:16)\u001b[22m\n      \u001b[2mat Parser.parseExprSubscripts (\u001b[22mnode_modules/@babel/parser/src/parser/expression.ts\u001b[2m:718:23)\u001b[22m\n      \u001b[2mat Parser.parseUpdate (\u001b[22mnode_modules/@babel/parser/src/parser/expression.ts\u001b[2m:695:21)\u001b[22m\n      \u001b[2mat Parser.parseMaybeUnary (\u001b[22mnode_modules/@babel/parser/src/parser/expression.ts\u001b[2m:657:23)\u001b[22m\n      \u001b[2mat Parser.parseMaybeUnaryOrPrivate (\u001b[22mnode_modules/@babel/parser/src/parser/expression.ts\u001b[2m:395:14)\u001b[22m\n      \u001b[2mat Parser.parseExprOps (\u001b[22mnode_modules/@babel/parser/src/parser/expression.ts\u001b[2m:407:23)\u001b[22m\n      \u001b[2mat Parser.parseMaybeConditional (\u001b[22mnode_modules/@babel/parser/src/parser/expression.ts\u001b[2m:362:23)\u001b[22m\n      \u001b[2mat Parser.parseMaybeAssign (\u001b[22mnode_modules/@babel/parser/src/parser/expression.ts\u001b[2m:302:21)\u001b[22m\n      \u001b[2mat callback (\u001b[22mnode_modules/@babel/parser/src/parser/expression.ts\u001b[2m:256:12)\u001b[22m\n      \u001b[2mat Parser.allowInAnd (\u001b[22mnode_modules/@babel/parser/src/parser/expression.ts\u001b[2m:3077:12)\u001b[22m\n      \u001b[2mat Parser.parseMaybeAssignAllowIn (\u001b[22mnode_modules/@babel/parser/src/parser/expression.ts\u001b[2m:255:17)\u001b[22m\n      \u001b[2mat Parser.parseExprListItem (\u001b[22mnode_modules/@babel/parser/src/parser/expression.ts\u001b[2m:2714:18)\u001b[22m\n      \u001b[2mat Parser.parseCallExpressionArguments (\u001b[22mnode_modules/@babel/parser/src/parser/expression.ts\u001b[2m:1044:14)\u001b[22m\n      \u001b[2mat Parser.parseCoverCallAndAsyncArrowHead (\u001b[22mnode_modules/@babel/parser/src/parser/expression.ts\u001b[2m:894:29)\u001b[22m\n      \u001b[2mat Parser.parseSubscript (\u001b[22mnode_modules/@babel/parser/src/parser/expression.ts\u001b[2m:783:19)\u001b[22m\n      \u001b[2mat Parser.parseSubscripts (\u001b[22mnode_modules/@babel/parser/src/parser/expression.ts\u001b[2m:739:19)\u001b[22m\n      \u001b[2mat Parser.parseExprSubscripts (\u001b[22mnode_modules/@babel/parser/src/parser/expression.ts\u001b[2m:724:17)\u001b[22m\n      \u001b[2mat Parser.parseUpdate (\u001b[22mnode_modules/@babel/parser/src/parser/expression.ts\u001b[2m:695:21)\u001b[22m\n      \u001b[2mat Parser.parseMaybeUnary (\u001b[22mnode_modules/@babel/parser/src/parser/expression.ts\u001b[2m:657:23)\u001b[22m\n      \u001b[2mat Parser.parseMaybeUnaryOrPrivate (\u001b[22mnode_modules/@babel/parser/src/parser/expression.ts\u001b[2m:395:14)\u001b[22m\n      \u001b[2mat Parser.parseExprOps (\u001b[22mnode_modules/@babel/parser/src/parser/expression.ts\u001b[2m:407:23)\u001b[22m\n      \u001b[2mat Parser.parseMaybeConditional (\u001b[22mnode_modules/@babel/parser/src/parser/expression.ts\u001b[2m:362:23)\u001b[22m\n      \u001b[2mat Parser.parseMaybeAssign (\u001b[22mnode_modules/@babel/parser/src/parser/expression.ts\u001b[2m:302:21)\u001b[22m\n      \u001b[2mat callback (\u001b[22mnode_modules/@babel/parser/src/parser/expression.ts\u001b[2m:256:12)\u001b[22m\n      \u001b[2mat Parser.allowInAnd (\u001b[22mnode_modules/@babel/parser/src/parser/expression.ts\u001b[2m:3072:16)\u001b[22m\n      \u001b[2mat Parser.parseMaybeAssignAllowIn (\u001b[22mnode_modules/@babel/parser/src/parser/expression.ts\u001b[2m:255:17)\u001b[22m\n      \u001b[2mat Parser.parseVar (\u001b[22mnode_modules/@babel/parser/src/parser/statement.ts\u001b[2m:1507:16)\u001b[22m\n      \u001b[2mat Parser.parseVarStatement (\u001b[22mnode_modules/@babel/parser/src/parser/statement.ts\u001b[2m:1166:10)\u001b[22m\n      \u001b[2mat Parser.parseStatementContent (\u001b[22mnode_modules/@babel/parser/src/parser/statement.ts\u001b[2m:537:21)\u001b[22m\n      \u001b[2mat Parser.parseStatementLike (\u001b[22mnode_modules/@babel/parser/src/parser/statement.ts\u001b[2m:417:17)\u001b[22m\n      \u001b[2mat Parser.parseStatementListItem (\u001b[22mnode_modules/@babel/parser/src/parser/statement.ts\u001b[2m:366:17)\u001b[22m\n      \u001b[2mat Parser.parseBlockOrModuleBlockBody (\u001b[22mnode_modules/@babel/parser/src/parser/statement.ts\u001b[2m:1360:16)\u001b[22m\n      \u001b[2mat Parser.parseBlockBody (\u001b[22mnode_modules/@babel/parser/src/parser/statement.ts\u001b[2m:1333:10)\u001b[22m\n      \u001b[2mat Parser.parseBlock (\u001b[22mnode_modules/@babel/parser/src/parser/statement.ts\u001b[2m:1301:10)\u001b[22m\n      \u001b[2mat Parser.parseFunctionBody (\u001b[22mnode_modules/@babel/parser/src/parser/expression.ts\u001b[2m:2552:24)\u001b[22m\n      \u001b[2mat Parser.parseArrowExpression (\u001b[22mnode_modules/@babel/parser/src/parser/expression.ts\u001b[2m:2497:10)\u001b[22m\n      \u001b[2mat Parser.parseParenAndDistinguishExpression (\u001b[22mnode_modules/@babel/parser/src/parser/expression.ts\u001b[2m:1799:12)\u001b[22m\n      \u001b[2mat Parser.parseExprAtom (\u001b[22mnode_modules/@babel/parser/src/parser/expression.ts\u001b[2m:1163:21)\u001b[22m\n      \u001b[2mat Parser.parseExprSubscripts (\u001b[22mnode_modules/@babel/parser/src/parser/expression.ts\u001b[2m:718:23)\u001b[22m\n      \u001b[2mat Parser.parseUpdate (\u001b[22mnode_modules/@babel/parser/src/parser/expression.ts\u001b[2m:695:21)\u001b[22m\n      \u001b[2mat Parser.parseMaybeUnary (\u001b[22mnode_modules/@babel/parser/src/parser/expression.ts\u001b[2m:657:23)\u001b[22m\n      \u001b[2mat Parser.parseMaybeUnaryOrPrivate (\u001b[22mnode_modules/@babel/parser/src/parser/expression.ts\u001b[2m:395:14)\u001b[22m\n      \u001b[2mat Parser.parseExprOps (\u001b[22mnode_modules/@babel/parser/src/parser/expression.ts\u001b[2m:407:23)\u001b[22m\n      \u001b[2mat Parser.parseMaybeConditional (\u001b[22mnode_modules/@babel/parser/src/parser/expression.ts\u001b[2m:362:23)\u001b[22m\n      \u001b[2mat Parser.parseMaybeAssign (\u001b[22mnode_modules/@babel/parser/src/parser/expression.ts\u001b[2m:302:21)\u001b[22m\n      \u001b[2mat \u001b[22mnode_modules/@babel/parser/src/parser/expression.ts\u001b[2m:256:12\u001b[22m\n","name":"/Users/lynndalee/lynnda-lee-pat/src/components/Message/Message.test.tsx","startTime":1684862619000,"status":"failed","summary":""},{"assertionResults":[],"coverage":{},"endTime":1684862619000,"message":"  \u001b[1m● \u001b[22mTest suite failed to run\n\n    SyntaxError: /Users/lynndalee/lynnda-lee-pat/src/components/Dropdown/Dropdown.test.tsx: Support for the experimental syntax 'jsx' isn't currently enabled (11:28):\n\n    \u001b[0m \u001b[90m  9 |\u001b[39m     }\u001b[33m;\u001b[39m\u001b[0m\n    \u001b[0m \u001b[90m 10 |\u001b[39m\u001b[0m\n    \u001b[0m\u001b[31m\u001b[1m>\u001b[22m\u001b[39m\u001b[90m 11 |\u001b[39m     \u001b[36mconst\u001b[39m wrapper \u001b[33m=\u001b[39m render(\u001b[33m<\u001b[39m\u001b[33mDropdown\u001b[39m {\u001b[33m...\u001b[39mdropdownProps}\u001b[33m>\u001b[39m\u001b[33m<\u001b[39m\u001b[33m/\u001b[39m\u001b[33mDropdown\u001b[39m\u001b[33m>\u001b[39m)\u001b[33m;\u001b[39m\u001b[0m\n    \u001b[0m \u001b[90m    |\u001b[39m                            \u001b[31m\u001b[1m^\u001b[22m\u001b[39m\u001b[0m\n    \u001b[0m \u001b[90m 12 |\u001b[39m     \u001b[36mconst\u001b[39m element \u001b[33m=\u001b[39m wrapper\u001b[33m.\u001b[39mqueryByText(\u001b[32m'select'\u001b[39m)\u001b[33m;\u001b[39m\u001b[0m\n    \u001b[0m \u001b[90m 13 |\u001b[39m     expect(element)\u001b[33m.\u001b[39mnot\u001b[33m.\u001b[39mtoBeNull()\u001b[33m;\u001b[39m\u001b[0m\n    \u001b[0m \u001b[90m 14 |\u001b[39m     expect(element)\u001b[33m.\u001b[39mtoBeInTheDocument()\u001b[33m;\u001b[39m\u001b[0m\n\n    Add @babel/preset-react (https://github.com/babel/babel/tree/main/packages/babel-preset-react) to the 'presets' section of your Babel config to enable transformation.\n    If you want to leave it as-is, add @babel/plugin-syntax-jsx (https://github.com/babel/babel/tree/main/packages/babel-plugin-syntax-jsx) to the 'plugins' section to enable parsing.\n\n      \u001b[2mat instantiate (\u001b[22mnode_modules/@babel/parser/src/parse-error/credentials.ts\u001b[2m:62:21)\u001b[22m\n      \u001b[2mat toParseError (\u001b[22mnode_modules/@babel/parser/src/parse-error.ts\u001b[2m:60:12)\u001b[22m\n      \u001b[2mat Parser.raise (\u001b[22mnode_modules/@babel/parser/src/tokenizer/index.ts\u001b[2m:1490:19)\u001b[22m\n      \u001b[2mat Parser.expectOnePlugin (\u001b[22mnode_modules/@babel/parser/src/tokenizer/index.ts\u001b[2m:1550:18)\u001b[22m\n      \u001b[2mat Parser.parseExprAtom (\u001b[22mnode_modules/@babel/parser/src/parser/expression.ts\u001b[2m:1279:16)\u001b[22m\n      \u001b[2mat Parser.parseExprSubscripts (\u001b[22mnode_modules/@babel/parser/src/parser/expression.ts\u001b[2m:718:23)\u001b[22m\n      \u001b[2mat Parser.parseUpdate (\u001b[22mnode_modules/@babel/parser/src/parser/expression.ts\u001b[2m:695:21)\u001b[22m\n      \u001b[2mat Parser.parseMaybeUnary (\u001b[22mnode_modules/@babel/parser/src/parser/expression.ts\u001b[2m:657:23)\u001b[22m\n      \u001b[2mat Parser.parseMaybeUnaryOrPrivate (\u001b[22mnode_modules/@babel/parser/src/parser/expression.ts\u001b[2m:395:14)\u001b[22m\n      \u001b[2mat Parser.parseExprOps (\u001b[22mnode_modules/@babel/parser/src/parser/expression.ts\u001b[2m:407:23)\u001b[22m\n      \u001b[2mat Parser.parseMaybeConditional (\u001b[22mnode_modules/@babel/parser/src/parser/expression.ts\u001b[2m:362:23)\u001b[22m\n      \u001b[2mat Parser.parseMaybeAssign (\u001b[22mnode_modules/@babel/parser/src/parser/expression.ts\u001b[2m:302:21)\u001b[22m\n      \u001b[2mat callback (\u001b[22mnode_modules/@babel/parser/src/parser/expression.ts\u001b[2m:256:12)\u001b[22m\n      \u001b[2mat Parser.allowInAnd (\u001b[22mnode_modules/@babel/parser/src/parser/expression.ts\u001b[2m:3077:12)\u001b[22m\n      \u001b[2mat Parser.parseMaybeAssignAllowIn (\u001b[22mnode_modules/@babel/parser/src/parser/expression.ts\u001b[2m:255:17)\u001b[22m\n      \u001b[2mat Parser.parseExprListItem (\u001b[22mnode_modules/@babel/parser/src/parser/expression.ts\u001b[2m:2714:18)\u001b[22m\n      \u001b[2mat Parser.parseCallExpressionArguments (\u001b[22mnode_modules/@babel/parser/src/parser/expression.ts\u001b[2m:1044:14)\u001b[22m\n      \u001b[2mat Parser.parseCoverCallAndAsyncArrowHead (\u001b[22mnode_modules/@babel/parser/src/parser/expression.ts\u001b[2m:894:29)\u001b[22m\n      \u001b[2mat Parser.parseSubscript (\u001b[22mnode_modules/@babel/parser/src/parser/expression.ts\u001b[2m:783:19)\u001b[22m\n      \u001b[2mat Parser.parseSubscripts (\u001b[22mnode_modules/@babel/parser/src/parser/expression.ts\u001b[2m:739:19)\u001b[22m\n      \u001b[2mat Parser.parseExprSubscripts (\u001b[22mnode_modules/@babel/parser/src/parser/expression.ts\u001b[2m:724:17)\u001b[22m\n      \u001b[2mat Parser.parseUpdate (\u001b[22mnode_modules/@babel/parser/src/parser/expression.ts\u001b[2m:695:21)\u001b[22m\n      \u001b[2mat Parser.parseMaybeUnary (\u001b[22mnode_modules/@babel/parser/src/parser/expression.ts\u001b[2m:657:23)\u001b[22m\n      \u001b[2mat Parser.parseMaybeUnaryOrPrivate (\u001b[22mnode_modules/@babel/parser/src/parser/expression.ts\u001b[2m:395:14)\u001b[22m\n      \u001b[2mat Parser.parseExprOps (\u001b[22mnode_modules/@babel/parser/src/parser/expression.ts\u001b[2m:407:23)\u001b[22m\n      \u001b[2mat Parser.parseMaybeConditional (\u001b[22mnode_modules/@babel/parser/src/parser/expression.ts\u001b[2m:362:23)\u001b[22m\n      \u001b[2mat Parser.parseMaybeAssign (\u001b[22mnode_modules/@babel/parser/src/parser/expression.ts\u001b[2m:302:21)\u001b[22m\n      \u001b[2mat callback (\u001b[22mnode_modules/@babel/parser/src/parser/expression.ts\u001b[2m:256:12)\u001b[22m\n      \u001b[2mat Parser.allowInAnd (\u001b[22mnode_modules/@babel/parser/src/parser/expression.ts\u001b[2m:3072:16)\u001b[22m\n      \u001b[2mat Parser.parseMaybeAssignAllowIn (\u001b[22mnode_modules/@babel/parser/src/parser/expression.ts\u001b[2m:255:17)\u001b[22m\n      \u001b[2mat Parser.parseVar (\u001b[22mnode_modules/@babel/parser/src/parser/statement.ts\u001b[2m:1507:16)\u001b[22m\n      \u001b[2mat Parser.parseVarStatement (\u001b[22mnode_modules/@babel/parser/src/parser/statement.ts\u001b[2m:1166:10)\u001b[22m\n      \u001b[2mat Parser.parseStatementContent (\u001b[22mnode_modules/@babel/parser/src/parser/statement.ts\u001b[2m:537:21)\u001b[22m\n      \u001b[2mat Parser.parseStatementLike (\u001b[22mnode_modules/@babel/parser/src/parser/statement.ts\u001b[2m:417:17)\u001b[22m\n      \u001b[2mat Parser.parseStatementListItem (\u001b[22mnode_modules/@babel/parser/src/parser/statement.ts\u001b[2m:366:17)\u001b[22m\n      \u001b[2mat Parser.parseBlockOrModuleBlockBody (\u001b[22mnode_modules/@babel/parser/src/parser/statement.ts\u001b[2m:1360:16)\u001b[22m\n      \u001b[2mat Parser.parseBlockBody (\u001b[22mnode_modules/@babel/parser/src/parser/statement.ts\u001b[2m:1333:10)\u001b[22m\n      \u001b[2mat Parser.parseBlock (\u001b[22mnode_modules/@babel/parser/src/parser/statement.ts\u001b[2m:1301:10)\u001b[22m\n      \u001b[2mat Parser.parseFunctionBody (\u001b[22mnode_modules/@babel/parser/src/parser/expression.ts\u001b[2m:2552:24)\u001b[22m\n      \u001b[2mat Parser.parseArrowExpression (\u001b[22mnode_modules/@babel/parser/src/parser/expression.ts\u001b[2m:2497:10)\u001b[22m\n      \u001b[2mat Parser.parseParenAndDistinguishExpression (\u001b[22mnode_modules/@babel/parser/src/parser/expression.ts\u001b[2m:1799:12)\u001b[22m\n      \u001b[2mat Parser.parseExprAtom (\u001b[22mnode_modules/@babel/parser/src/parser/expression.ts\u001b[2m:1163:21)\u001b[22m\n      \u001b[2mat Parser.parseExprSubscripts (\u001b[22mnode_modules/@babel/parser/src/parser/expression.ts\u001b[2m:718:23)\u001b[22m\n      \u001b[2mat Parser.parseUpdate (\u001b[22mnode_modules/@babel/parser/src/parser/expression.ts\u001b[2m:695:21)\u001b[22m\n      \u001b[2mat Parser.parseMaybeUnary (\u001b[22mnode_modules/@babel/parser/src/parser/expression.ts\u001b[2m:657:23)\u001b[22m\n      \u001b[2mat Parser.parseMaybeUnaryOrPrivate (\u001b[22mnode_modules/@babel/parser/src/parser/expression.ts\u001b[2m:395:14)\u001b[22m\n      \u001b[2mat Parser.parseExprOps (\u001b[22mnode_modules/@babel/parser/src/parser/expression.ts\u001b[2m:407:23)\u001b[22m\n      \u001b[2mat Parser.parseMaybeConditional (\u001b[22mnode_modules/@babel/parser/src/parser/expression.ts\u001b[2m:362:23)\u001b[22m\n      \u001b[2mat Parser.parseMaybeAssign (\u001b[22mnode_modules/@babel/parser/src/parser/expression.ts\u001b[2m:302:21)\u001b[22m\n      \u001b[2mat \u001b[22mnode_modules/@babel/parser/src/parser/expression.ts\u001b[2m:256:12\u001b[22m\n","name":"/Users/lynndalee/lynnda-lee-pat/src/components/Dropdown/Dropdown.test.tsx","startTime":1684862619000,"status":"failed","summary":""},{"assertionResults":[],"coverage":{},"endTime":1684862619000,"message":"  \u001b[1m● \u001b[22mTest suite failed to run\n\n    SyntaxError: /Users/lynndalee/lynnda-lee-pat/src/utils/classNames.test.ts: Missing initializer in const declaration. (5:17)\n\n    \u001b[0m \u001b[90m 3 |\u001b[39m describe(\u001b[32m'classNames'\u001b[39m\u001b[33m,\u001b[39m () \u001b[33m=>\u001b[39m {\u001b[0m\n    \u001b[0m \u001b[90m 4 |\u001b[39m   it(\u001b[32m'should return a classes string based on args'\u001b[39m\u001b[33m,\u001b[39m () \u001b[33m=>\u001b[39m {\u001b[0m\n    \u001b[0m\u001b[31m\u001b[1m>\u001b[22m\u001b[39m\u001b[90m 5 |\u001b[39m     \u001b[36mconst\u001b[39m mockAgs\u001b[33m:\u001b[39m \u001b[33mClassNamesArg\u001b[39m[] \u001b[33m=\u001b[39m [\u001b[0m\n    \u001b[0m \u001b[90m   |\u001b[39m                  \u001b[31m\u001b[1m^\u001b[22m\u001b[39m\u001b[0m\n    \u001b[0m \u001b[90m 6 |\u001b[39m       \u001b[32m'btn'\u001b[39m\u001b[33m,\u001b[39m\u001b[0m\n    \u001b[0m \u001b[90m 7 |\u001b[39m       {\u001b[32m'btn-default'\u001b[39m\u001b[33m:\u001b[39m \u001b[36mtrue\u001b[39m\u001b[33m,\u001b[39m \u001b[32m'btn-small'\u001b[39m\u001b[33m:\u001b[39m \u001b[36mfalse\u001b[39m}\u001b[33m,\u001b[39m\u001b[0m\n    \u001b[0m \u001b[90m 8 |\u001b[39m       {\u001b[32m'btn-test'\u001b[39m\u001b[33m:\u001b[39m \u001b[36mtrue\u001b[39m}\u001b[33m,\u001b[39m\u001b[0m\n\n      \u001b[2mat instantiate (\u001b[22mnode_modules/@babel/parser/src/parse-error/credentials.ts\u001b[2m:62:21)\u001b[22m\n      \u001b[2mat toParseError (\u001b[22mnode_modules/@babel/parser/src/parse-error.ts\u001b[2m:60:12)\u001b[22m\n      \u001b[2mat Parser.raise (\u001b[22mnode_modules/@babel/parser/src/tokenizer/index.ts\u001b[2m:1490:19)\u001b[22m\n      \u001b[2mat Parser.parseVar (\u001b[22mnode_modules/@babel/parser/src/parser/statement.ts\u001b[2m:1522:16)\u001b[22m\n      \u001b[2mat Parser.parseVarStatement (\u001b[22mnode_modules/@babel/parser/src/parser/statement.ts\u001b[2m:1166:10)\u001b[22m\n      \u001b[2mat Parser.parseStatementContent (\u001b[22mnode_modules/@babel/parser/src/parser/statement.ts\u001b[2m:537:21)\u001b[22m\n      \u001b[2mat Parser.parseStatementLike (\u001b[22mnode_modules/@babel/parser/src/parser/statement.ts\u001b[2m:417:17)\u001b[22m\n      \u001b[2mat Parser.parseStatementListItem (\u001b[22mnode_modules/@babel/parser/src/parser/statement.ts\u001b[2m:366:17)\u001b[22m\n      \u001b[2mat Parser.parseBlockOrModuleBlockBody (\u001b[22mnode_modules/@babel/parser/src/parser/statement.ts\u001b[2m:1360:16)\u001b[22m\n      \u001b[2mat Parser.parseBlockBody (\u001b[22mnode_modules/@babel/parser/src/parser/statement.ts\u001b[2m:1333:10)\u001b[22m\n      \u001b[2mat Parser.parseBlock (\u001b[22mnode_modules/@babel/parser/src/parser/statement.ts\u001b[2m:1301:10)\u001b[22m\n      \u001b[2mat Parser.parseFunctionBody (\u001b[22mnode_modules/@babel/parser/src/parser/expression.ts\u001b[2m:2552:24)\u001b[22m\n      \u001b[2mat Parser.parseArrowExpression (\u001b[22mnode_modules/@babel/parser/src/parser/expression.ts\u001b[2m:2497:10)\u001b[22m\n      \u001b[2mat Parser.parseParenAndDistinguishExpression (\u001b[22mnode_modules/@babel/parser/src/parser/expression.ts\u001b[2m:1799:12)\u001b[22m\n      \u001b[2mat Parser.parseExprAtom (\u001b[22mnode_modules/@babel/parser/src/parser/expression.ts\u001b[2m:1163:21)\u001b[22m\n      \u001b[2mat Parser.parseExprSubscripts (\u001b[22mnode_modules/@babel/parser/src/parser/expression.ts\u001b[2m:718:23)\u001b[22m\n      \u001b[2mat Parser.parseUpdate (\u001b[22mnode_modules/@babel/parser/src/parser/expression.ts\u001b[2m:695:21)\u001b[22m\n      \u001b[2mat Parser.parseMaybeUnary (\u001b[22mnode_modules/@babel/parser/src/parser/expression.ts\u001b[2m:657:23)\u001b[22m\n      \u001b[2mat Parser.parseMaybeUnaryOrPrivate (\u001b[22mnode_modules/@babel/parser/src/parser/expression.ts\u001b[2m:395:14)\u001b[22m\n      \u001b[2mat Parser.parseExprOps (\u001b[22mnode_modules/@babel/parser/src/parser/expression.ts\u001b[2m:407:23)\u001b[22m\n      \u001b[2mat Parser.parseMaybeConditional (\u001b[22mnode_modules/@babel/parser/src/parser/expression.ts\u001b[2m:362:23)\u001b[22m\n      \u001b[2mat Parser.parseMaybeAssign (\u001b[22mnode_modules/@babel/parser/src/parser/expression.ts\u001b[2m:302:21)\u001b[22m\n      \u001b[2mat callback (\u001b[22mnode_modules/@babel/parser/src/parser/expression.ts\u001b[2m:256:12)\u001b[22m\n      \u001b[2mat Parser.allowInAnd (\u001b[22mnode_modules/@babel/parser/src/parser/expression.ts\u001b[2m:3077:12)\u001b[22m\n      \u001b[2mat Parser.parseMaybeAssignAllowIn (\u001b[22mnode_modules/@babel/parser/src/parser/expression.ts\u001b[2m:255:17)\u001b[22m\n      \u001b[2mat Parser.parseExprListItem (\u001b[22mnode_modules/@babel/parser/src/parser/expression.ts\u001b[2m:2714:18)\u001b[22m\n      \u001b[2mat Parser.parseCallExpressionArguments (\u001b[22mnode_modules/@babel/parser/src/parser/expression.ts\u001b[2m:1044:14)\u001b[22m\n      \u001b[2mat Parser.parseCoverCallAndAsyncArrowHead (\u001b[22mnode_modules/@babel/parser/src/parser/expression.ts\u001b[2m:894:29)\u001b[22m\n      \u001b[2mat Parser.parseSubscript (\u001b[22mnode_modules/@babel/parser/src/parser/expression.ts\u001b[2m:783:19)\u001b[22m\n      \u001b[2mat Parser.parseSubscripts (\u001b[22mnode_modules/@babel/parser/src/parser/expression.ts\u001b[2m:739:19)\u001b[22m\n      \u001b[2mat Parser.parseExprSubscripts (\u001b[22mnode_modules/@babel/parser/src/parser/expression.ts\u001b[2m:724:17)\u001b[22m\n      \u001b[2mat Parser.parseUpdate (\u001b[22mnode_modules/@babel/parser/src/parser/expression.ts\u001b[2m:695:21)\u001b[22m\n      \u001b[2mat Parser.parseMaybeUnary (\u001b[22mnode_modules/@babel/parser/src/parser/expression.ts\u001b[2m:657:23)\u001b[22m\n      \u001b[2mat Parser.parseMaybeUnaryOrPrivate (\u001b[22mnode_modules/@babel/parser/src/parser/expression.ts\u001b[2m:395:14)\u001b[22m\n      \u001b[2mat Parser.parseExprOps (\u001b[22mnode_modules/@babel/parser/src/parser/expression.ts\u001b[2m:407:23)\u001b[22m\n      \u001b[2mat Parser.parseMaybeConditional (\u001b[22mnode_modules/@babel/parser/src/parser/expression.ts\u001b[2m:362:23)\u001b[22m\n      \u001b[2mat Parser.parseMaybeAssign (\u001b[22mnode_modules/@babel/parser/src/parser/expression.ts\u001b[2m:302:21)\u001b[22m\n      \u001b[2mat Parser.parseExpressionBase (\u001b[22mnode_modules/@babel/parser/src/parser/expression.ts\u001b[2m:225:23)\u001b[22m\n      \u001b[2mat callback (\u001b[22mnode_modules/@babel/parser/src/parser/expression.ts\u001b[2m:216:39)\u001b[22m\n      \u001b[2mat Parser.allowInAnd (\u001b[22mnode_modules/@babel/parser/src/parser/expression.ts\u001b[2m:3072:16)\u001b[22m\n      \u001b[2mat Parser.parseExpression (\u001b[22mnode_modules/@babel/parser/src/parser/expression.ts\u001b[2m:216:17)\u001b[22m\n      \u001b[2mat Parser.parseStatementContent (\u001b[22mnode_modules/@babel/parser/src/parser/statement.ts\u001b[2m:628:23)\u001b[22m\n      \u001b[2mat Parser.parseStatementLike (\u001b[22mnode_modules/@babel/parser/src/parser/statement.ts\u001b[2m:417:17)\u001b[22m\n      \u001b[2mat Parser.parseStatementListItem (\u001b[22mnode_modules/@babel/parser/src/parser/statement.ts\u001b[2m:366:17)\u001b[22m\n      \u001b[2mat Parser.parseBlockOrModuleBlockBody (\u001b[22mnode_modules/@babel/parser/src/parser/statement.ts\u001b[2m:1360:16)\u001b[22m\n      \u001b[2mat Parser.parseBlockBody (\u001b[22mnode_modules/@babel/parser/src/parser/statement.ts\u001b[2m:1333:10)\u001b[22m\n      \u001b[2mat Parser.parseBlock (\u001b[22mnode_modules/@babel/parser/src/parser/statement.ts\u001b[2m:1301:10)\u001b[22m\n      \u001b[2mat Parser.parseFunctionBody (\u001b[22mnode_modules/@babel/parser/src/parser/expression.ts\u001b[2m:2552:24)\u001b[22m\n      \u001b[2mat Parser.parseArrowExpression (\u001b[22mnode_modules/@babel/parser/src/parser/expression.ts\u001b[2m:2497:10)\u001b[22m\n      \u001b[2mat Parser.parseParenAndDistinguishExpression (\u001b[22mnode_modules/@babel/parser/src/parser/expression.ts\u001b[2m:1799:12)\u001b[22m\n","name":"/Users/lynndalee/lynnda-lee-pat/src/utils/classNames.test.ts","startTime":1684862619000,"status":"failed","summary":""},{"assertionResults":[],"coverage":{},"endTime":1684862619000,"message":"  \u001b[1m● \u001b[22mTest suite failed to run\n\n    /Users/lynndalee/lynnda-lee-pat/dist/utils/classNames.test.js:1\n    ({\"Object.<anonymous>\":function(module,exports,require,__dirname,__filename,global,jest){import { classNames } from './classNames';\n                                                                                             ^^^^^^\n\n    SyntaxError: Cannot use import statement outside a module\n\n      \u001b[2mat ScriptTransformer._transformAndBuildScript (\u001b[22mnode_modules/@jest/transform/build/ScriptTransformer.js\u001b[2m:537:17)\u001b[22m\n      \u001b[2mat ScriptTransformer.transform (\u001b[22mnode_modules/@jest/transform/build/ScriptTransformer.js\u001b[2m:579:25)\u001b[22m\n","name":"/Users/lynndalee/lynnda-lee-pat/dist/utils/classNames.test.js","startTime":1684862619000,"status":"failed","summary":""}],"wasInterrupted":false}